#
# There is insufficient memory for the Java Runtime Environment to continue.
# Native memory allocation (malloc) failed to allocate 131376 bytes for Chunk::new
# Possible reasons:
#   The system is out of physical RAM or swap space
#   In 32 bit mode, the process size limit was hit
# Possible solutions:
#   Reduce memory load on the system
#   Increase physical memory or swap space
#   Check if swap backing store is full
#   Use 64 bit Java on a 64 bit OS
#   Decrease Java heap size (-Xmx/-Xms)
#   Decrease number of Java threads
#   Decrease Java thread stack sizes (-Xss)
#   Set larger code cache with -XX:ReservedCodeCacheSize=
# This output file may be truncated or incomplete.
#
#  Out of Memory Error (allocation.cpp:390), pid=26708, tid=0x0000000000004db4
#
# JRE version: Java(TM) SE Runtime Environment (8.0_101-b13) (build 1.8.0_101-b13)
# Java VM: Java HotSpot(TM) 64-Bit Server VM (25.101-b13 mixed mode windows-amd64 compressed oops)
# Failed to write core dump. Minidumps are not enabled by default on client versions of Windows
#

---------------  T H R E A D  ---------------

Current thread (0x00000000574a5000):  JavaThread "C2 CompilerThread0" daemon [_thread_in_native, id=19892, stack(0x0000000058690000,0x0000000058790000)]

Stack: [0x0000000058690000,0x0000000058790000]
[error occurred during error reporting (printing stack bounds), id 0xc0000005]

Native frames: (J=compiled Java code, j=interpreted, Vv=VM code, C=native code)


Current CompileTask:
C2:4913482 8270       4       org.testng.shaded.com.google.gson.internal.bind.ReflectiveTypeAdapterFactory::getBoundFields (288 bytes)


---------------  P R O C E S S  ---------------

Java Threads: ( => current thread )
  0x000000005a9f0800 JavaThread "UrlChecker-23" daemon [_thread_in_native, id=20528, stack(0x000000010a200000,0x000000010a300000)]
  0x000000005a9f5000 JavaThread "Exec Stream Pumper" daemon [_thread_in_native, id=19212, stack(0x000000010a6a0000,0x000000010a7a0000)]
  0x000000005a9f4800 JavaThread "Exec Stream Pumper" daemon [_thread_in_native, id=37724, stack(0x0000000108480000,0x0000000108580000)]
  0x000000005a9f3800 JavaThread "Exec Default Executor" daemon [_thread_in_native, id=15004, stack(0x000000010a410000,0x000000010a510000)]
  0x000000005a9f3000 JavaThread "Exec Stream Pumper" daemon [_thread_in_native, id=8924, stack(0x000000010a300000,0x000000010a400000)]
  0x000000005a9f2000 JavaThread "Exec Stream Pumper" daemon [_thread_in_native, id=37992, stack(0x0000000109d00000,0x0000000109e00000)]
  0x000000005a9f1800 JavaThread "Exec Default Executor" daemon [_thread_in_native, id=13992, stack(0x0000000107300000,0x0000000107400000)]
  0x000000005a9f0000 JavaThread "Exec Stream Pumper" daemon [_thread_in_native, id=12368, stack(0x0000000109fe0000,0x000000010a0e0000)]
  0x000000005a9ef000 JavaThread "Exec Stream Pumper" daemon [_thread_in_native, id=22972, stack(0x0000000109e20000,0x0000000109f20000)]
  0x000000005a9ec000 JavaThread "Exec Default Executor" daemon [_thread_in_native, id=2760, stack(0x0000000109680000,0x0000000109780000)]
  0x000000005a9ed800 JavaThread "Exec Stream Pumper" daemon [_thread_in_native, id=19788, stack(0x0000000109a00000,0x0000000109b00000)]
  0x000000005a9ed000 JavaThread "Exec Stream Pumper" daemon [_thread_in_native, id=31588, stack(0x0000000109820000,0x0000000109920000)]
  0x0000000067230000 JavaThread "Exec Default Executor" daemon [_thread_in_native, id=28440, stack(0x0000000109450000,0x0000000109550000)]
  0x000000005a9eb800 JavaThread "Exec Stream Pumper" daemon [_thread_in_native, id=29512, stack(0x0000000109560000,0x0000000109660000)]
  0x000000005a9ea800 JavaThread "Exec Stream Pumper" daemon [_thread_in_native, id=12944, stack(0x0000000109350000,0x0000000109450000)]
  0x0000000067232000 JavaThread "Exec Default Executor" daemon [_thread_in_native, id=10780, stack(0x00000001091d0000,0x00000001092d0000)]
  0x000000005a9ea000 JavaThread "Exec Stream Pumper" daemon [_thread_in_native, id=21952, stack(0x0000000109080000,0x0000000109180000)]
  0x000000005a9e9000 JavaThread "Exec Stream Pumper" daemon [_thread_in_native, id=35756, stack(0x0000000108e60000,0x0000000108f60000)]
  0x000000005a9e8800 JavaThread "Exec Default Executor" daemon [_thread_in_native, id=33736, stack(0x0000000108cc0000,0x0000000108dc0000)]
  0x0000000067231800 JavaThread "Exec Stream Pumper" daemon [_thread_in_native, id=36880, stack(0x0000000108250000,0x0000000108350000)]
  0x0000000067230800 JavaThread "Exec Stream Pumper" daemon [_thread_in_native, id=18996, stack(0x0000000108800000,0x0000000108900000)]
  0x000000006722d800 JavaThread "Exec Default Executor" daemon [_thread_in_native, id=7508, stack(0x0000000101190000,0x0000000101290000)]
  0x000000006722f000 JavaThread "Exec Stream Pumper" daemon [_thread_in_native, id=29100, stack(0x0000000108b40000,0x0000000108c40000)]
  0x000000006722e800 JavaThread "Exec Stream Pumper" daemon [_thread_in_native, id=25188, stack(0x0000000108910000,0x0000000108a10000)]
  0x0000000067229000 JavaThread "Exec Default Executor" daemon [_thread_in_native, id=38096, stack(0x0000000108140000,0x0000000108240000)]
  0x000000006722d000 JavaThread "Exec Stream Pumper" daemon [_thread_in_native, id=15588, stack(0x0000000108680000,0x0000000108780000)]
  0x000000006722c000 JavaThread "Exec Stream Pumper" daemon [_thread_in_native, id=15700, stack(0x0000000107d00000,0x0000000107e00000)]
  0x000000006722b800 JavaThread "Exec Default Executor" daemon [_thread_in_native, id=32408, stack(0x0000000108580000,0x0000000108680000)]
  0x000000006722a800 JavaThread "Exec Stream Pumper" daemon [_thread_in_native, id=31852, stack(0x0000000108370000,0x0000000108470000)]
  0x000000006722a000 JavaThread "Exec Stream Pumper" daemon [_thread_in_native, id=21920, stack(0x00000001070e0000,0x00000001071e0000)]
  0x0000000067227000 JavaThread "Exec Default Executor" daemon [_thread_in_native, id=37292, stack(0x0000000108040000,0x0000000108140000)]
  0x0000000067228800 JavaThread "Exec Stream Pumper" daemon [_thread_in_native, id=30560, stack(0x0000000107e50000,0x0000000107f50000)]
  0x0000000067227800 JavaThread "Exec Stream Pumper" daemon [_thread_in_native, id=7528, stack(0x0000000107870000,0x0000000107970000)]
  0x0000000067220000 JavaThread "Exec Default Executor" daemon [_thread_in_native, id=27364, stack(0x0000000107410000,0x0000000107510000)]
  0x0000000067226000 JavaThread "Exec Stream Pumper" daemon [_thread_in_native, id=35452, stack(0x0000000107bd0000,0x0000000107cd0000)]
  0x0000000067225800 JavaThread "Exec Stream Pumper" daemon [_thread_in_native, id=18504, stack(0x0000000107ab0000,0x0000000107bb0000)]
  0x0000000067222800 JavaThread "Exec Default Executor" daemon [_thread_in_native, id=3888, stack(0x0000000107990000,0x0000000107a90000)]
  0x0000000067224800 JavaThread "Exec Stream Pumper" daemon [_thread_in_native, id=30648, stack(0x0000000107720000,0x0000000107820000)]
  0x0000000067224000 JavaThread "Exec Stream Pumper" daemon [_thread_in_native, id=36732, stack(0x00000001051a0000,0x00000001052a0000)]
  0x0000000067223000 JavaThread "Exec Default Executor" daemon [_thread_in_native, id=7580, stack(0x0000000107570000,0x0000000107670000)]
  0x0000000067221800 JavaThread "Exec Stream Pumper" daemon [_thread_in_native, id=7752, stack(0x0000000102f40000,0x0000000103040000)]
  0x0000000067221000 JavaThread "Exec Stream Pumper" daemon [_thread_in_native, id=10908, stack(0x00000001069f0000,0x0000000106af0000)]
  0x000000006721d000 JavaThread "Exec Default Executor" daemon [_thread_in_native, id=40828, stack(0x0000000103ad0000,0x0000000103bd0000)]
  0x000000006721f800 JavaThread "Exec Stream Pumper" daemon [_thread_in_native, id=16368, stack(0x00000001047d0000,0x00000001048d0000)]
  0x000000006721e800 JavaThread "Exec Stream Pumper" daemon [_thread_in_native, id=35900, stack(0x00000001071e0000,0x00000001072e0000)]
  0x000000005aa23800 JavaThread "Exec Default Executor" daemon [_thread_in_native, id=13440, stack(0x0000000106fe0000,0x00000001070e0000)]
  0x000000006721e000 JavaThread "Exec Stream Pumper" daemon [_thread_in_native, id=34364, stack(0x0000000106e30000,0x0000000106f30000)]
  0x000000006721c800 JavaThread "Exec Stream Pumper" daemon [_thread_in_native, id=17760, stack(0x0000000106ca0000,0x0000000106da0000)]
  0x000000005a0cc800 JavaThread "Exec Default Executor" daemon [_thread_in_native, id=34400, stack(0x0000000104440000,0x0000000104540000)]
  0x000000006721b800 JavaThread "Exec Stream Pumper" daemon [_thread_in_native, id=36260, stack(0x0000000106b20000,0x0000000106c20000)]
  0x000000006721b000 JavaThread "Exec Stream Pumper" daemon [_thread_in_native, id=35264, stack(0x0000000105860000,0x0000000105960000)]
  0x000000006721a000 JavaThread "Exec Default Executor" daemon [_thread_in_native, id=16192, stack(0x00000001068b0000,0x00000001069b0000)]
  0x0000000067219800 JavaThread "Exec Stream Pumper" daemon [_thread_in_native, id=33220, stack(0x0000000106750000,0x0000000106850000)]
  0x0000000067218800 JavaThread "Exec Stream Pumper" daemon [_thread_in_native, id=16752, stack(0x000000007ebb0000,0x000000007ecb0000)]
  0x0000000067218000 JavaThread "Exec Default Executor" daemon [_thread_in_native, id=4412, stack(0x00000001065f0000,0x00000001066f0000)]
  0x0000000067217000 JavaThread "Exec Stream Pumper" daemon [_thread_in_native, id=39024, stack(0x00000001064c0000,0x00000001065c0000)]
  0x0000000067216800 JavaThread "Exec Stream Pumper" daemon [_thread_in_native, id=25012, stack(0x0000000105a80000,0x0000000105b80000)]
  0x0000000067215800 JavaThread "Exec Default Executor" daemon [_thread_in_native, id=7080, stack(0x0000000106330000,0x0000000106430000)]
  0x0000000067214800 JavaThread "Exec Stream Pumper" daemon [_thread_in_native, id=41208, stack(0x0000000106200000,0x0000000106300000)]
  0x0000000067214000 JavaThread "Exec Stream Pumper" daemon [_thread_in_native, id=20736, stack(0x00000001060d0000,0x00000001061d0000)]
  0x0000000067213000 JavaThread "Exec Default Executor" daemon [_thread_in_native, id=976, stack(0x0000000105fa0000,0x00000001060a0000)]
  0x000000005a0d5800 JavaThread "Exec Stream Pumper" daemon [_thread_in_native, id=12740, stack(0x0000000105e80000,0x0000000105f80000)]
  0x000000005a0d4800 JavaThread "Exec Stream Pumper" daemon [_thread_in_native, id=8212, stack(0x0000000105d40000,0x0000000105e40000)]
  0x000000005a0d4000 JavaThread "Exec Default Executor" daemon [_thread_in_native, id=36132, stack(0x0000000105c00000,0x0000000105d00000)]
  0x000000005a0d3000 JavaThread "Exec Stream Pumper" daemon [_thread_in_native, id=11676, stack(0x0000000105980000,0x0000000105a80000)]
  0x000000005a0d2800 JavaThread "Exec Stream Pumper" daemon [_thread_in_native, id=19864, stack(0x0000000104dc0000,0x0000000104ec0000)]
  0x000000005a0d1800 JavaThread "Exec Default Executor" daemon [_thread_in_native, id=20620, stack(0x0000000105730000,0x0000000105830000)]
  0x000000005a0d1000 JavaThread "Exec Stream Pumper" daemon [_thread_in_native, id=3880, stack(0x00000001055e0000,0x00000001056e0000)]
  0x000000005a0d0000 JavaThread "Exec Stream Pumper" daemon [_thread_in_native, id=37044, stack(0x00000001053a0000,0x00000001054a0000)]
  0x000000005a0cf800 JavaThread "Exec Default Executor" daemon [_thread_in_native, id=40064, stack(0x00000001054b0000,0x00000001055b0000)]
  0x000000005a0ce800 JavaThread "Exec Stream Pumper" daemon [_thread_in_native, id=9456, stack(0x00000001052a0000,0x00000001053a0000)]
  0x000000005a0ce000 JavaThread "Exec Stream Pumper" daemon [_thread_in_native, id=18508, stack(0x00000001050a0000,0x00000001051a0000)]
  0x000000005a0cd000 JavaThread "Exec Default Executor" daemon [_thread_in_native, id=37736, stack(0x0000000104ed0000,0x0000000104fd0000)]
  0x000000005a0cb800 JavaThread "Exec Stream Pumper" daemon [_thread_in_native, id=29976, stack(0x0000000104ca0000,0x0000000104da0000)]
  0x000000005a0cb000 JavaThread "Exec Stream Pumper" daemon [_thread_in_native, id=14932, stack(0x0000000100b00000,0x0000000100c00000)]
  0x000000005a0c9000 JavaThread "Exec Default Executor" daemon [_thread_in_native, id=18740, stack(0x0000000104b30000,0x0000000104c30000)]
  0x000000005a0c8800 JavaThread "Exec Stream Pumper" daemon [_thread_in_native, id=8496, stack(0x0000000104a20000,0x0000000104b20000)]
  0x000000005a0c7800 JavaThread "Exec Stream Pumper" daemon [_thread_in_native, id=31056, stack(0x00000001048d0000,0x00000001049d0000)]
  0x000000005aa28000 JavaThread "Exec Default Executor" daemon [_thread_in_native, id=27616, stack(0x0000000104230000,0x0000000104330000)]
  0x000000005a0c7000 JavaThread "Exec Stream Pumper" daemon [_thread_in_native, id=17320, stack(0x0000000104670000,0x0000000104770000)]
  0x000000005a0c6000 JavaThread "Exec Stream Pumper" daemon [_thread_in_native, id=13652, stack(0x0000000104560000,0x0000000104660000)]
  0x000000005aa28800 JavaThread "Exec Default Executor" daemon [_thread_in_native, id=24324, stack(0x0000000104330000,0x0000000104430000)]
  0x000000005aa27000 JavaThread "Exec Stream Pumper" daemon [_thread_in_native, id=24516, stack(0x0000000103860000,0x0000000103960000)]
  0x000000005aa26800 JavaThread "Exec Stream Pumper" daemon [_thread_in_native, id=32280, stack(0x0000000104050000,0x0000000104150000)]
  0x000000005cc17000 JavaThread "Exec Default Executor" daemon [_thread_in_native, id=29848, stack(0x0000000103ef0000,0x0000000103ff0000)]
  0x000000005aa25800 JavaThread "Exec Stream Pumper" daemon [_thread_in_native, id=6188, stack(0x0000000103cd0000,0x0000000103dd0000)]
  0x000000005aa25000 JavaThread "Exec Stream Pumper" daemon [_thread_in_native, id=12972, stack(0x0000000103de0000,0x0000000103ee0000)]
  0x000000005aa24000 JavaThread "Exec Default Executor" daemon [_thread_in_native, id=37472, stack(0x0000000103bd0000,0x0000000103cd0000)]
  0x000000005aa22800 JavaThread "Exec Stream Pumper" daemon [_thread_in_native, id=22332, stack(0x00000001039d0000,0x0000000103ad0000)]
  0x000000005aa22000 JavaThread "Exec Stream Pumper" daemon [_thread_in_native, id=39848, stack(0x00000001031c0000,0x00000001032c0000)]
  0x000000005aa21000 JavaThread "Exec Default Executor" daemon [_thread_in_native, id=37356, stack(0x0000000103720000,0x0000000103820000)]
  0x000000005aa20800 JavaThread "Exec Stream Pumper" daemon [_thread_in_native, id=4584, stack(0x0000000103560000,0x0000000103660000)]
  0x000000005aa1f800 JavaThread "Exec Stream Pumper" daemon [_thread_in_native, id=19868, stack(0x0000000101e20000,0x0000000101f20000)]
  0x000000005aa1f000 JavaThread "Exec Default Executor" daemon [_thread_in_native, id=35876, stack(0x00000001033e0000,0x00000001034e0000)]
  0x000000005aa1e000 JavaThread "Exec Stream Pumper" daemon [_thread_in_native, id=32088, stack(0x00000001032e0000,0x00000001033e0000)]
  0x000000005aa1d800 JavaThread "Exec Stream Pumper" daemon [_thread_in_native, id=17688, stack(0x0000000103040000,0x0000000103140000)]
  0x000000005aa1a000 JavaThread "Exec Default Executor" daemon [_thread_in_native, id=35448, stack(0x0000000102b40000,0x0000000102c40000)]
  0x000000005aa1c800 JavaThread "Exec Stream Pumper" daemon [_thread_in_native, id=24008, stack(0x0000000102e40000,0x0000000102f40000)]
  0x000000005aa1b800 JavaThread "Exec Stream Pumper" daemon [_thread_in_native, id=6528, stack(0x0000000102d20000,0x0000000102e20000)]
  0x000000005aa1b000 JavaThread "Exec Default Executor" daemon [_thread_in_native, id=27256, stack(0x0000000102520000,0x0000000102620000)]
  0x000000005aa19800 JavaThread "Exec Stream Pumper" daemon [_thread_in_native, id=34724, stack(0x00000001029d0000,0x0000000102ad0000)]
  0x000000005aa18800 JavaThread "Exec Stream Pumper" daemon [_thread_in_native, id=33212, stack(0x0000000102160000,0x0000000102260000)]
  0x000000005aa18000 JavaThread "Exec Default Executor" daemon [_thread_in_native, id=33520, stack(0x0000000102800000,0x0000000102900000)]
  0x000000005aa17000 JavaThread "Exec Stream Pumper" daemon [_thread_in_native, id=42664, stack(0x0000000102640000,0x0000000102740000)]
  0x000000005aa16800 JavaThread "Exec Stream Pumper" daemon [_thread_in_native, id=25576, stack(0x0000000102420000,0x0000000102520000)]
  0x000000005aa15800 JavaThread "Exec Default Executor" daemon [_thread_in_native, id=41736, stack(0x00000001022b0000,0x00000001023b0000)]
  0x000000005aa15000 JavaThread "Exec Stream Pumper" daemon [_thread_in_native, id=21084, stack(0x0000000102040000,0x0000000102140000)]
  0x000000005aa14000 JavaThread "Exec Stream Pumper" daemon [_thread_in_native, id=9124, stack(0x0000000101f30000,0x0000000102030000)]
  0x000000005aa11000 JavaThread "Exec Default Executor" daemon [_thread_in_native, id=10896, stack(0x00000001018d0000,0x00000001019d0000)]
  0x000000005aa13800 JavaThread "Exec Stream Pumper" daemon [_thread_in_native, id=5468, stack(0x0000000101a80000,0x0000000101b80000)]
  0x000000005aa12800 JavaThread "Exec Stream Pumper" daemon [_thread_in_native, id=41268, stack(0x0000000101d10000,0x0000000101e10000)]
  0x000000005aa12000 JavaThread "Exec Default Executor" daemon [_thread_in_native, id=29232, stack(0x0000000101bb0000,0x0000000101cb0000)]
  0x000000005aa10800 JavaThread "Exec Stream Pumper" daemon [_thread_in_native, id=6240, stack(0x0000000101790000,0x0000000101890000)]
  0x000000005aa0f800 JavaThread "Exec Stream Pumper" daemon [_thread_in_native, id=17576, stack(0x000000005e190000,0x000000005e290000)]
  0x000000005aa0c800 JavaThread "Exec Default Executor" daemon [_thread_in_native, id=12888, stack(0x000000005c590000,0x000000005c690000)]
  0x000000005aa0f000 JavaThread "Exec Stream Pumper" daemon [_thread_in_native, id=36616, stack(0x0000000101440000,0x0000000101540000)]
  0x000000005aa0e000 JavaThread "Exec Stream Pumper" daemon [_thread_in_native, id=14876, stack(0x0000000100880000,0x0000000100980000)]
  0x000000005aa0d800 JavaThread "Exec Default Executor" daemon [_thread_in_native, id=33524, stack(0x00000001012a0000,0x00000001013a0000)]
  0x000000005aa0c000 JavaThread "Exec Stream Pumper" daemon [_thread_in_native, id=28396, stack(0x0000000101040000,0x0000000101140000)]
  0x000000005aa0b000 JavaThread "Exec Stream Pumper" daemon [_thread_in_native, id=35708, stack(0x0000000100e80000,0x0000000100f80000)]
  0x000000005cc20000 JavaThread "Exec Default Executor" daemon [_thread_in_native, id=39828, stack(0x0000000100250000,0x0000000100350000)]
  0x000000005aa0a800 JavaThread "Exec Stream Pumper" daemon [_thread_in_native, id=42260, stack(0x0000000100d00000,0x0000000100e00000)]
  0x000000005aa09800 JavaThread "Exec Stream Pumper" daemon [_thread_in_native, id=38232, stack(0x0000000100c00000,0x0000000100d00000)]
  0x0000000058be9800 JavaThread "Exec Default Executor" daemon [_thread_in_native, id=36704, stack(0x0000000100a00000,0x0000000100b00000)]
  0x000000005cc1f800 JavaThread "Exec Stream Pumper" daemon [_thread_in_native, id=29036, stack(0x0000000100740000,0x0000000100840000)]
  0x000000005cc1e800 JavaThread "Exec Stream Pumper" daemon [_thread_in_native, id=17376, stack(0x00000001004f0000,0x00000001005f0000)]
  0x000000005cc1e000 JavaThread "Exec Default Executor" daemon [_thread_in_native, id=42980, stack(0x0000000100390000,0x0000000100490000)]
  0x000000005cc1d000 JavaThread "Exec Stream Pumper" daemon [_thread_in_native, id=7488, stack(0x0000000100110000,0x0000000100210000)]
  0x000000005cc1c800 JavaThread "Exec Stream Pumper" daemon [_thread_in_native, id=11804, stack(0x0000000100000000,0x0000000100100000)]
  0x000000005cc19800 JavaThread "Exec Default Executor" daemon [_thread_in_native, id=13212, stack(0x000000007eee0000,0x000000007efe0000)]
  0x000000005cc1b800 JavaThread "Exec Stream Pumper" daemon [_thread_in_native, id=15608, stack(0x000000007ecb0000,0x000000007edb0000)]
  0x000000005cc1b000 JavaThread "Exec Stream Pumper" daemon [_thread_in_native, id=6756, stack(0x000000007d220000,0x000000007d320000)]
  0x000000005cc1a000 JavaThread "Exec Default Executor" daemon [_thread_in_native, id=9480, stack(0x00000000726e0000,0x00000000727e0000)]
  0x000000005cc18800 JavaThread "Exec Stream Pumper" daemon [_thread_in_native, id=27064, stack(0x000000007cc00000,0x000000007cd00000)]
  0x000000005cc18000 JavaThread "Exec Stream Pumper" daemon [_thread_in_native, id=8956, stack(0x000000007edb0000,0x000000007eeb0000)]
  0x000000005cc02800 JavaThread "Exec Default Executor" daemon [_thread_in_native, id=38048, stack(0x000000007ea90000,0x000000007eb90000)]
  0x000000005cc16800 JavaThread "Exec Stream Pumper" daemon [_thread_in_native, id=4212, stack(0x000000007e960000,0x000000007ea60000)]
  0x000000005cc15800 JavaThread "Exec Stream Pumper" daemon [_thread_in_native, id=40720, stack(0x000000007e290000,0x000000007e390000)]
  0x000000005cc15000 JavaThread "Exec Default Executor" daemon [_thread_in_native, id=36284, stack(0x000000007e850000,0x000000007e950000)]
  0x000000005cc14000 JavaThread "Exec Stream Pumper" daemon [_thread_in_native, id=23184, stack(0x000000007c260000,0x000000007c360000)]
  0x000000005cc13000 JavaThread "Exec Stream Pumper" daemon [_thread_in_native, id=30112, stack(0x000000007e720000,0x000000007e820000)]
  0x000000005cc10000 JavaThread "Exec Default Executor" daemon [_thread_in_native, id=29080, stack(0x000000007e110000,0x000000007e210000)]
  0x000000005cc12800 JavaThread "Exec Stream Pumper" daemon [_thread_in_native, id=34580, stack(0x000000007bed0000,0x000000007bfd0000)]
  0x000000005cc11800 JavaThread "Exec Stream Pumper" daemon [_thread_in_native, id=41464, stack(0x000000007e560000,0x000000007e660000)]
  0x000000005cc11000 JavaThread "Exec Default Executor" daemon [_thread_in_native, id=3492, stack(0x000000007e390000,0x000000007e490000)]
  0x000000005cc0f800 JavaThread "Exec Stream Pumper" daemon [_thread_in_native, id=42828, stack(0x000000007e010000,0x000000007e110000)]
  0x000000005cc0e800 JavaThread "Exec Stream Pumper" daemon [_thread_in_native, id=34180, stack(0x000000007de50000,0x000000007df50000)]
  0x000000005cc09800 JavaThread "Exec Default Executor" daemon [_thread_in_native, id=21804, stack(0x000000007dc90000,0x000000007dd90000)]
  0x000000005cc0e000 JavaThread "Exec Stream Pumper" daemon [_thread_in_native, id=31464, stack(0x000000007db90000,0x000000007dc90000)]
  0x000000005cc0d000 JavaThread "Exec Stream Pumper" daemon [_thread_in_native, id=38492, stack(0x000000007da40000,0x000000007db40000)]
  0x000000005cc0c800 JavaThread "Exec Default Executor" daemon [_thread_in_native, id=7116, stack(0x000000007d880000,0x000000007d980000)]
  0x000000005cc0b800 JavaThread "Exec Stream Pumper" daemon [_thread_in_native, id=29076, stack(0x000000007d000000,0x000000007d100000)]
  0x000000005cc0b000 JavaThread "Exec Stream Pumper" daemon [_thread_in_native, id=32736, stack(0x000000007d740000,0x000000007d840000)]
  0x000000005cc0a000 JavaThread "Exec Default Executor" daemon [_thread_in_native, id=24900, stack(0x000000007d5f0000,0x000000007d6f0000)]
  0x000000005cc08800 JavaThread "Exec Stream Pumper" daemon [_thread_in_native, id=25216, stack(0x000000007d480000,0x000000007d580000)]
  0x000000005cc08000 JavaThread "Exec Stream Pumper" daemon [_thread_in_native, id=8036, stack(0x000000007d320000,0x000000007d420000)]
  0x000000005cc05000 JavaThread "Exec Default Executor" daemon [_thread_in_native, id=12616, stack(0x000000007d120000,0x000000007d220000)]
  0x000000005cc07000 JavaThread "Exec Stream Pumper" daemon [_thread_in_native, id=34792, stack(0x000000007cef0000,0x000000007cff0000)]
  0x000000005cc06800 JavaThread "Exec Stream Pumper" daemon [_thread_in_native, id=18480, stack(0x000000007c7f0000,0x000000007c8f0000)]
  0x000000005cc05800 JavaThread "Exec Default Executor" daemon [_thread_in_native, id=32084, stack(0x000000007cd40000,0x000000007ce40000)]
  0x000000005cc04000 JavaThread "Exec Stream Pumper" daemon [_thread_in_native, id=5548, stack(0x000000007caf0000,0x000000007cbf0000)]
  0x000000005cc03800 JavaThread "Exec Stream Pumper" daemon [_thread_in_native, id=37972, stack(0x000000007bfd0000,0x000000007c0d0000)]
  0x000000005a3af000 JavaThread "Exec Default Executor" daemon [_thread_in_native, id=20380, stack(0x00000000725b0000,0x00000000726b0000)]
  0x000000005cc02000 JavaThread "Exec Stream Pumper" daemon [_thread_in_native, id=31996, stack(0x000000007c910000,0x000000007ca10000)]
  0x000000005cc01000 JavaThread "Exec Stream Pumper" daemon [_thread_in_native, id=32132, stack(0x000000007c6a0000,0x000000007c7a0000)]
  0x0000000058bec800 JavaThread "Exec Default Executor" daemon [_thread_in_native, id=41060, stack(0x000000007c540000,0x000000007c640000)]
  0x0000000058bec000 JavaThread "Exec Stream Pumper" daemon [_thread_in_native, id=26468, stack(0x000000007bcd0000,0x000000007bdd0000)]
  0x0000000058beb000 JavaThread "Exec Stream Pumper" daemon [_thread_in_native, id=31396, stack(0x000000007c370000,0x000000007c470000)]
  0x0000000058bea800 JavaThread "Exec Default Executor" daemon [_thread_in_native, id=16392, stack(0x000000007c160000,0x000000007c260000)]
  0x0000000058be9000 JavaThread "Exec Stream Pumper" daemon [_thread_in_native, id=7444, stack(0x000000007bdd0000,0x000000007bed0000)]
  0x0000000058be8000 JavaThread "Exec Stream Pumper" daemon [_thread_in_native, id=5436, stack(0x000000007abe0000,0x000000007ace0000)]
  0x0000000058be5000 JavaThread "Exec Default Executor" daemon [_thread_in_native, id=21056, stack(0x000000007ba20000,0x000000007bb20000)]
  0x0000000058be7800 JavaThread "Exec Stream Pumper" daemon [_thread_in_native, id=28940, stack(0x000000007bb40000,0x000000007bc40000)]
  0x0000000058be6800 JavaThread "Exec Stream Pumper" daemon [_thread_in_native, id=7316, stack(0x000000007b850000,0x000000007b950000)]
  0x0000000058be6000 JavaThread "Exec Default Executor" daemon [_thread_in_native, id=42592, stack(0x000000007b690000,0x000000007b790000)]
  0x0000000058be4800 JavaThread "Exec Stream Pumper" daemon [_thread_in_native, id=26528, stack(0x000000007b550000,0x000000007b650000)]
  0x0000000058be3800 JavaThread "Exec Stream Pumper" daemon [_thread_in_native, id=6760, stack(0x000000007b380000,0x000000007b480000)]
  0x0000000058be3000 JavaThread "Exec Default Executor" daemon [_thread_in_native, id=25260, stack(0x000000007ae10000,0x000000007af10000)]
  0x0000000058be2000 JavaThread "Exec Stream Pumper" daemon [_thread_in_native, id=6504, stack(0x000000007b1e0000,0x000000007b2e0000)]
  0x0000000058be1800 JavaThread "Exec Stream Pumper" daemon [_thread_in_native, id=8144, stack(0x000000007b070000,0x000000007b170000)]
  0x0000000058be0800 JavaThread "Exec Default Executor" daemon [_thread_in_native, id=39112, stack(0x000000007af10000,0x000000007b010000)]
  0x0000000058be0000 JavaThread "Exec Stream Pumper" daemon [_thread_in_native, id=18636, stack(0x000000007a630000,0x000000007a730000)]
  0x0000000058bdf000 JavaThread "Exec Stream Pumper" daemon [_thread_in_native, id=14132, stack(0x000000007ad10000,0x000000007ae10000)]
  0x0000000058bde800 JavaThread "Exec Default Executor" daemon [_thread_in_native, id=22068, stack(0x000000007a850000,0x000000007a950000)]
  0x0000000058bdd800 JavaThread "Exec Stream Pumper" daemon [_thread_in_native, id=7424, stack(0x000000007aad0000,0x000000007abd0000)]
  0x000000005a4b0800 JavaThread "Exec Stream Pumper" daemon [_thread_in_native, id=20660, stack(0x000000007a970000,0x000000007aa70000)]
  0x000000005a4af800 JavaThread "Exec Default Executor" daemon [_thread_in_native, id=22192, stack(0x000000007a090000,0x000000007a190000)]
  0x000000005a4af000 JavaThread "Exec Stream Pumper" daemon [_thread_in_native, id=7524, stack(0x000000007a750000,0x000000007a850000)]
  0x000000005a4ae000 JavaThread "Exec Stream Pumper" daemon [_thread_in_native, id=28668, stack(0x0000000079e30000,0x0000000079f30000)]
  0x000000005a4ad800 JavaThread "Exec Default Executor" daemon [_thread_in_native, id=30488, stack(0x000000007a500000,0x000000007a600000)]
  0x000000005a4ac800 JavaThread "Exec Stream Pumper" daemon [_thread_in_native, id=2836, stack(0x000000007a3e0000,0x000000007a4e0000)]
  0x000000005a4ac000 JavaThread "Exec Stream Pumper" daemon [_thread_in_native, id=4824, stack(0x000000007a2b0000,0x000000007a3b0000)]
  0x000000005a4ab000 JavaThread "Exec Default Executor" daemon [_thread_in_native, id=33224, stack(0x000000007a1b0000,0x000000007a2b0000)]
  0x000000005a4aa800 JavaThread "Exec Stream Pumper" daemon [_thread_in_native, id=28624, stack(0x0000000079f90000,0x000000007a090000)]
  0x000000005a4a9800 JavaThread "Exec Stream Pumper" daemon [_thread_in_native, id=25264, stack(0x0000000079cf0000,0x0000000079df0000)]
  0x000000005a4a9000 JavaThread "Exec Default Executor" daemon [_thread_in_native, id=19552, stack(0x0000000079b30000,0x0000000079c30000)]
  0x000000005a4a8000 JavaThread "Exec Stream Pumper" daemon [_thread_in_native, id=24440, stack(0x0000000079880000,0x0000000079980000)]
  0x000000005a4a7800 JavaThread "Exec Stream Pumper" daemon [_thread_in_native, id=13096, stack(0x0000000079a00000,0x0000000079b00000)]
  0x000000005a4a6800 JavaThread "Exec Default Executor" daemon [_thread_in_native, id=38508, stack(0x0000000078d40000,0x0000000078e40000)]
  0x000000005a4a6000 JavaThread "Exec Stream Pumper" daemon [_thread_in_native, id=31116, stack(0x0000000079740000,0x0000000079840000)]
  0x000000005a4a5000 JavaThread "Exec Stream Pumper" daemon [_thread_in_native, id=20684, stack(0x00000000795a0000,0x00000000796a0000)]
  0x000000005a4a4800 JavaThread "Exec Default Executor" daemon [_thread_in_native, id=7556, stack(0x00000000793d0000,0x00000000794d0000)]
  0x000000005a4a3800 JavaThread "Exec Stream Pumper" daemon [_thread_in_native, id=35520, stack(0x00000000792d0000,0x00000000793d0000)]
  0x000000005a4a3000 JavaThread "Exec Stream Pumper" daemon [_thread_in_native, id=22004, stack(0x0000000078730000,0x0000000078830000)]
  0x000000005a4a2000 JavaThread "Exec Default Executor" daemon [_thread_in_native, id=21480, stack(0x0000000079140000,0x0000000079240000)]
  0x000000005a4a1800 JavaThread "Exec Stream Pumper" daemon [_thread_in_native, id=32120, stack(0x0000000078ff0000,0x00000000790f0000)]
  0x000000005ac02800 JavaThread "Exec Stream Pumper" daemon [_thread_in_native, id=26112, stack(0x0000000078e80000,0x0000000078f80000)]
  0x000000005ac02000 JavaThread "Exec Default Executor" daemon [_thread_in_native, id=15520, stack(0x0000000078c40000,0x0000000078d40000)]
  0x000000005ac01000 JavaThread "Exec Stream Pumper" daemon [_thread_in_native, id=30440, stack(0x0000000078b00000,0x0000000078c00000)]
  0x000000005ac00800 JavaThread "Exec Stream Pumper" daemon [_thread_in_native, id=34900, stack(0x00000000789d0000,0x0000000078ad0000)]
  0x000000005abff800 JavaThread "Exec Default Executor" daemon [_thread_in_native, id=4528, stack(0x0000000078860000,0x0000000078960000)]
  0x000000005abff000 JavaThread "Exec Stream Pumper" daemon [_thread_in_native, id=42868, stack(0x00000000780c0000,0x00000000781c0000)]
  0x000000005abfe000 JavaThread "Exec Stream Pumper" daemon [_thread_in_native, id=22880, stack(0x0000000078600000,0x0000000078700000)]
  0x000000005abfd800 JavaThread "Exec Default Executor" daemon [_thread_in_native, id=11052, stack(0x00000000784e0000,0x00000000785e0000)]
  0x000000005abfc800 JavaThread "Exec Stream Pumper" daemon [_thread_in_native, id=41684, stack(0x0000000078350000,0x0000000078450000)]
  0x000000005abfc000 JavaThread "Exec Stream Pumper" daemon [_thread_in_native, id=1708, stack(0x0000000077b10000,0x0000000077c10000)]
  0x000000005abfb000 JavaThread "Exec Default Executor" daemon [_thread_in_native, id=27044, stack(0x0000000078220000,0x0000000078320000)]
  0x000000005abfa800 JavaThread "Exec Stream Pumper" daemon [_thread_in_native, id=30876, stack(0x0000000077fc0000,0x00000000780c0000)]
  0x000000005abf9800 JavaThread "Exec Stream Pumper" daemon [_thread_in_native, id=38728, stack(0x0000000077e20000,0x0000000077f20000)]
  0x000000005abf9000 JavaThread "Exec Default Executor" daemon [_thread_in_native, id=25972, stack(0x0000000077c50000,0x0000000077d50000)]
  0x000000005abf8000 JavaThread "Exec Stream Pumper" daemon [_thread_in_native, id=18620, stack(0x0000000077310000,0x0000000077410000)]
  0x000000005abf7800 JavaThread "Exec Stream Pumper" daemon [_thread_in_native, id=33416, stack(0x0000000076050000,0x0000000076150000)]
  0x000000005abf6800 JavaThread "Exec Default Executor" daemon [_thread_in_native, id=13856, stack(0x00000000779d0000,0x0000000077ad0000)]
  0x000000005abf5800 JavaThread "Exec Stream Pumper" daemon [_thread_in_native, id=24952, stack(0x0000000077660000,0x0000000077760000)]
  0x000000005abf5000 JavaThread "Exec Stream Pumper" daemon [_thread_in_native, id=29924, stack(0x0000000077200000,0x0000000077300000)]
  0x000000005abf4000 JavaThread "Exec Default Executor" daemon [_thread_in_native, id=28368, stack(0x00000000732a0000,0x00000000733a0000)]
  0x000000005abf3800 JavaThread "Exec Stream Pumper" daemon [_thread_in_native, id=38368, stack(0x0000000076f80000,0x0000000077080000)]
  0x000000005a5bf800 JavaThread "Exec Stream Pumper" daemon [_thread_in_native, id=14960, stack(0x00000000767f0000,0x00000000768f0000)]
  0x000000005a5be800 JavaThread "Exec Default Executor" daemon [_thread_in_native, id=7360, stack(0x0000000076d90000,0x0000000076e90000)]
  0x000000005a5be000 JavaThread "Exec Stream Pumper" daemon [_thread_in_native, id=7896, stack(0x0000000076c10000,0x0000000076d10000)]
  0x000000005a5bd000 JavaThread "Exec Stream Pumper" daemon [_thread_in_native, id=37408, stack(0x0000000076290000,0x0000000076390000)]
  0x000000005a5bc800 JavaThread "Exec Default Executor" daemon [_thread_in_native, id=6768, stack(0x0000000076a70000,0x0000000076b70000)]
  0x000000005a5bb800 JavaThread "Exec Stream Pumper" daemon [_thread_in_native, id=33580, stack(0x0000000076900000,0x0000000076a00000)]
  0x000000005a5bb000 JavaThread "Exec Stream Pumper" daemon [_thread_in_native, id=14628, stack(0x00000000766f0000,0x00000000767f0000)]
  0x000000005a5b8000 JavaThread "Exec Default Executor" daemon [_thread_in_native, id=33396, stack(0x0000000075f30000,0x0000000076030000)]
  0x000000005a5ba000 JavaThread "Exec Stream Pumper" daemon [_thread_in_native, id=29568, stack(0x0000000076510000,0x0000000076610000)]
  0x000000005a5b9800 JavaThread "Exec Stream Pumper" daemon [_thread_in_native, id=26928, stack(0x0000000076390000,0x0000000076490000)]
  0x000000005a5b8800 JavaThread "Exec Default Executor" daemon [_thread_in_native, id=12036, stack(0x0000000076150000,0x0000000076250000)]
  0x000000005a5b7000 JavaThread "Exec Stream Pumper" daemon [_thread_in_native, id=7012, stack(0x0000000075370000,0x0000000075470000)]
  0x000000005a5b6800 JavaThread "Exec Stream Pumper" daemon [_thread_in_native, id=19028, stack(0x0000000075e00000,0x0000000075f00000)]
  0x000000005a5b5800 JavaThread "Exec Default Executor" daemon [_thread_in_native, id=23484, stack(0x0000000075ce0000,0x0000000075de0000)]
  0x000000005a5b5000 JavaThread "Exec Stream Pumper" daemon [_thread_in_native, id=40372, stack(0x0000000075b40000,0x0000000075c40000)]
  0x000000005a5b4000 JavaThread "Exec Stream Pumper" daemon [_thread_in_native, id=33196, stack(0x0000000071d10000,0x0000000071e10000)]
  0x000000005a5b3800 JavaThread "Exec Default Executor" daemon [_thread_in_native, id=12540, stack(0x0000000075a30000,0x0000000075b30000)]
  0x000000005a5b2800 JavaThread "Exec Stream Pumper" daemon [_thread_in_native, id=18012, stack(0x0000000074f70000,0x0000000075070000)]
  0x000000005a5b2000 JavaThread "Exec Stream Pumper" daemon [_thread_in_native, id=36852, stack(0x0000000075910000,0x0000000075a10000)]
  0x0000000058f29800 JavaThread "Exec Default Executor" daemon [_thread_in_native, id=11680, stack(0x0000000075700000,0x0000000075800000)]
  0x000000005a5b1000 JavaThread "Exec Stream Pumper" daemon [_thread_in_native, id=23476, stack(0x0000000075800000,0x0000000075900000)]
  0x000000005a5b0800 JavaThread "Exec Stream Pumper" daemon [_thread_in_native, id=14376, stack(0x0000000075600000,0x0000000075700000)]
  0x0000000058f2a000 JavaThread "Exec Default Executor" daemon [_thread_in_native, id=15544, stack(0x00000000754a0000,0x00000000755a0000)]
  0x0000000058f28800 JavaThread "Exec Stream Pumper" daemon [_thread_in_native, id=30508, stack(0x0000000075230000,0x0000000075330000)]
  0x0000000058f28000 JavaThread "Exec Stream Pumper" daemon [_thread_in_native, id=23924, stack(0x00000000750c0000,0x00000000751c0000)]
  0x0000000058f27000 JavaThread "Exec Default Executor" daemon [_thread_in_native, id=36832, stack(0x0000000074e20000,0x0000000074f20000)]
  0x0000000058f26800 JavaThread "Exec Stream Pumper" daemon [_thread_in_native, id=28188, stack(0x0000000074970000,0x0000000074a70000)]
  0x0000000058f25800 JavaThread "Exec Stream Pumper" daemon [_thread_in_native, id=8700, stack(0x0000000074c30000,0x0000000074d30000)]
  0x0000000058f25000 JavaThread "Exec Default Executor" daemon [_thread_in_native, id=26772, stack(0x0000000074ad0000,0x0000000074bd0000)]
  0x0000000058f24000 JavaThread "Exec Stream Pumper" daemon [_thread_in_native, id=10952, stack(0x0000000074850000,0x0000000074950000)]
  0x0000000058f23800 JavaThread "Exec Stream Pumper" daemon [_thread_in_native, id=20036, stack(0x00000000746f0000,0x00000000747f0000)]
  0x0000000058f22800 JavaThread "Exec Default Executor" daemon [_thread_in_native, id=16572, stack(0x0000000073060000,0x0000000073160000)]
  0x0000000058f22000 JavaThread "Exec Stream Pumper" daemon [_thread_in_native, id=22256, stack(0x00000000745d0000,0x00000000746d0000)]
  0x0000000058f21000 JavaThread "Exec Stream Pumper" daemon [_thread_in_native, id=41796, stack(0x00000000743f0000,0x00000000744f0000)]
  0x0000000058f20800 JavaThread "Exec Default Executor" daemon [_thread_in_native, id=37272, stack(0x0000000073810000,0x0000000073910000)]
  0x0000000058f1f800 JavaThread "Exec Stream Pumper" daemon [_thread_in_native, id=17368, stack(0x00000000736b0000,0x00000000737b0000)]
  0x0000000058f1f000 JavaThread "Exec Stream Pumper" daemon [_thread_in_native, id=41980, stack(0x00000000734d0000,0x00000000735d0000)]
  0x0000000058f1e000 JavaThread "Exec Default Executor" daemon [_thread_in_native, id=10876, stack(0x00000000733b0000,0x00000000734b0000)]
  0x0000000058f1d800 JavaThread "Exec Stream Pumper" daemon [_thread_in_native, id=22156, stack(0x0000000073180000,0x0000000073280000)]
  0x0000000058f1c800 JavaThread "Exec Stream Pumper" daemon [_thread_in_native, id=18416, stack(0x0000000072e30000,0x0000000072f30000)]
  0x0000000058f1c000 JavaThread "Exec Default Executor" daemon [_thread_in_native, id=26768, stack(0x0000000072f60000,0x0000000073060000)]
  0x0000000058f1b000 JavaThread "Exec Stream Pumper" daemon [_thread_in_native, id=23428, stack(0x0000000072cd0000,0x0000000072dd0000)]
  0x000000005a3b4000 JavaThread "Exec Stream Pumper" daemon [_thread_in_native, id=11100, stack(0x0000000072b50000,0x0000000072c50000)]
  0x000000005a3b3800 JavaThread "Exec Default Executor" daemon [_thread_in_native, id=10408, stack(0x0000000072980000,0x0000000072a80000)]
  0x000000005a3b2800 JavaThread "Exec Stream Pumper" daemon [_thread_in_native, id=21760, stack(0x00000000727e0000,0x00000000728e0000)]
  0x000000005a3b2000 JavaThread "Exec Stream Pumper" daemon [_thread_in_native, id=38384, stack(0x00000000723b0000,0x00000000724b0000)]
  0x000000005a3aa800 JavaThread "Exec Default Executor" daemon [_thread_in_native, id=12768, stack(0x0000000071c10000,0x0000000071d10000)]
  0x000000005a3b1000 JavaThread "Exec Stream Pumper" daemon [_thread_in_native, id=36648, stack(0x00000000721f0000,0x00000000722f0000)]
  0x000000005a3b0800 JavaThread "Exec Stream Pumper" daemon [_thread_in_native, id=33448, stack(0x00000000724b0000,0x00000000725b0000)]
  0x000000005a3af800 JavaThread "Exec Default Executor" daemon [_thread_in_native, id=14076, stack(0x00000000720d0000,0x00000000721d0000)]
  0x000000005a3ae000 JavaThread "Exec Stream Pumper" daemon [_thread_in_native, id=36500, stack(0x0000000070920000,0x0000000070a20000)]
  0x000000005a3ad800 JavaThread "Exec Stream Pumper" daemon [_thread_in_native, id=16540, stack(0x0000000071fc0000,0x00000000720c0000)]
  0x000000005a3ac800 JavaThread "Exec Default Executor" daemon [_thread_in_native, id=9632, stack(0x000000006d1e0000,0x000000006d2e0000)]
  0x000000005a3ac000 JavaThread "Exec Stream Pumper" daemon [_thread_in_native, id=8728, stack(0x0000000071e10000,0x0000000071f10000)]
  0x000000005a3ab000 JavaThread "Exec Stream Pumper" daemon [_thread_in_native, id=29272, stack(0x000000006eb30000,0x000000006ec30000)]
  0x000000005cf8d800 JavaThread "Exec Default Executor" daemon [_thread_in_native, id=41732, stack(0x0000000070f70000,0x0000000071070000)]
  0x000000005a3a9800 JavaThread "Exec Stream Pumper" daemon [_thread_in_native, id=34100, stack(0x0000000071ad0000,0x0000000071bd0000)]
  0x000000005a3a9000 JavaThread "Exec Stream Pumper" daemon [_thread_in_native, id=42492, stack(0x0000000071920000,0x0000000071a20000)]
  0x000000005a3a8000 JavaThread "Exec Default Executor" daemon [_thread_in_native, id=37196, stack(0x0000000071790000,0x0000000071890000)]
  0x000000005a3a7800 JavaThread "Exec Stream Pumper" daemon [_thread_in_native, id=14060, stack(0x0000000071610000,0x0000000071710000)]
  0x000000005a3a6800 JavaThread "Exec Stream Pumper" daemon [_thread_in_native, id=42716, stack(0x0000000071460000,0x0000000071560000)]
  0x000000005a3a6000 JavaThread "Exec Default Executor" daemon [_thread_in_native, id=12096, stack(0x00000000712f0000,0x00000000713f0000)]
  0x000000005a3a5000 JavaThread "Exec Stream Pumper" daemon [_thread_in_native, id=20108, stack(0x00000000711e0000,0x00000000712e0000)]
  0x000000005a39b800 JavaThread "Exec Stream Pumper" daemon [_thread_in_native, id=38324, stack(0x0000000071090000,0x0000000071190000)]
  0x000000005a39a800 JavaThread "Exec Default Executor" daemon [_thread_in_native, id=42684, stack(0x0000000070b30000,0x0000000070c30000)]
  0x000000005a39a000 JavaThread "Exec Stream Pumper" daemon [_thread_in_native, id=34596, stack(0x000000006e310000,0x000000006e410000)]
  0x000000005a399000 JavaThread "Exec Stream Pumper" daemon [_thread_in_native, id=17360, stack(0x0000000070e30000,0x0000000070f30000)]
  0x000000005a398800 JavaThread "Exec Default Executor" daemon [_thread_in_native, id=23948, stack(0x0000000070c70000,0x0000000070d70000)]
  0x000000005a397800 JavaThread "Exec Stream Pumper" daemon [_thread_in_native, id=30248, stack(0x0000000070a30000,0x0000000070b30000)]
  0x000000005a397000 JavaThread "Exec Stream Pumper" daemon [_thread_in_native, id=22160, stack(0x0000000070680000,0x0000000070780000)]
  0x000000005a394000 JavaThread "Exec Default Executor" daemon [_thread_in_native, id=3360, stack(0x0000000070090000,0x0000000070190000)]
  0x000000005a396000 JavaThread "Exec Stream Pumper" daemon [_thread_in_native, id=22028, stack(0x0000000070810000,0x0000000070910000)]
  0x000000005a395800 JavaThread "Exec Stream Pumper" daemon [_thread_in_native, id=33696, stack(0x0000000070550000,0x0000000070650000)]
  0x000000005a394800 JavaThread "Exec Default Executor" daemon [_thread_in_native, id=12208, stack(0x0000000070420000,0x0000000070520000)]
  0x000000005a393000 JavaThread "Exec Stream Pumper" daemon [_thread_in_native, id=42096, stack(0x000000006fec0000,0x000000006ffc0000)]
  0x000000005a392800 JavaThread "Exec Stream Pumper" daemon [_thread_in_native, id=14544, stack(0x000000006fae0000,0x000000006fbe0000)]
  0x000000005a391800 JavaThread "Exec Default Executor" daemon [_thread_in_native, id=41784, stack(0x000000006fd10000,0x000000006fe10000)]
  0x000000005a391000 JavaThread "Exec Stream Pumper" daemon [_thread_in_native, id=23696, stack(0x000000006f3a0000,0x000000006f4a0000)]
  0x000000005a390000 JavaThread "Exec Stream Pumper" daemon [_thread_in_native, id=42880, stack(0x000000006f920000,0x000000006fa20000)]
  0x000000005a38d000 JavaThread "Exec Default Executor" daemon [_thread_in_native, id=8636, stack(0x000000006f700000,0x000000006f800000)]
  0x000000005a38f800 JavaThread "Exec Stream Pumper" daemon [_thread_in_native, id=19656, stack(0x000000006f820000,0x000000006f920000)]
  0x000000005a38e800 JavaThread "Exec Stream Pumper" daemon [_thread_in_native, id=32620, stack(0x000000006f5e0000,0x000000006f6e0000)]
  0x000000005a38e000 JavaThread "Exec Default Executor" daemon [_thread_in_native, id=8408, stack(0x000000006f4a0000,0x000000006f5a0000)]
  0x000000005a38c800 JavaThread "Exec Stream Pumper" daemon [_thread_in_native, id=36976, stack(0x000000006f1d0000,0x000000006f2d0000)]
  0x000000005cf8e000 JavaThread "Exec Stream Pumper" daemon [_thread_in_native, id=9560, stack(0x0000000069c40000,0x0000000069d40000)]
  0x000000005cf86800 JavaThread "Exec Default Executor" daemon [_thread_in_native, id=33556, stack(0x000000006e9d0000,0x000000006ead0000)]
  0x000000005cf8c800 JavaThread "Exec Stream Pumper" daemon [_thread_in_native, id=18512, stack(0x000000006f050000,0x000000006f150000)]
  0x000000005cf8b800 JavaThread "Exec Stream Pumper" daemon [_thread_in_native, id=19940, stack(0x000000006eee0000,0x000000006efe0000)]
  0x000000005cf8b000 JavaThread "Exec Default Executor" daemon [_thread_in_native, id=8044, stack(0x000000006ed60000,0x000000006ee60000)]
  0x000000005cf8a000 JavaThread "Exec Stream Pumper" daemon [_thread_in_native, id=40752, stack(0x000000006ec60000,0x000000006ed60000)]
  0x000000005cf89800 JavaThread "Exec Stream Pumper" daemon [_thread_in_native, id=27132, stack(0x000000006c330000,0x000000006c430000)]
  0x000000005a312000 JavaThread "Exec Default Executor" daemon [_thread_in_native, id=4004, stack(0x000000006e510000,0x000000006e610000)]
  0x000000005cf88800 JavaThread "Exec Stream Pumper" daemon [_thread_in_native, id=6980, stack(0x000000006e830000,0x000000006e930000)]
  0x000000005cf88000 JavaThread "Exec Stream Pumper" daemon [_thread_in_native, id=13872, stack(0x000000006e700000,0x000000006e800000)]
  0x000000005cf87000 JavaThread "Exec Default Executor" daemon [_thread_in_native, id=22172, stack(0x000000006e100000,0x000000006e200000)]
  0x000000005cf85800 JavaThread "Exec Stream Pumper" daemon [_thread_in_native, id=21100, stack(0x000000006e410000,0x000000006e510000)]
  0x000000005cf85000 JavaThread "Exec Stream Pumper" daemon [_thread_in_native, id=13800, stack(0x000000006e210000,0x000000006e310000)]
  0x000000005cf84000 JavaThread "Exec Default Executor" daemon [_thread_in_native, id=4164, stack(0x000000006dfd0000,0x000000006e0d0000)]
  0x000000005cf83800 JavaThread "Exec Stream Pumper" daemon [_thread_in_native, id=24116, stack(0x000000006dec0000,0x000000006dfc0000)]
  0x000000005cf82800 JavaThread "Exec Stream Pumper" daemon [_thread_in_native, id=27684, stack(0x000000006dc60000,0x000000006dd60000)]
  0x000000005cf82000 JavaThread "Exec Default Executor" daemon [_thread_in_native, id=8292, stack(0x000000006dd70000,0x000000006de70000)]
  0x000000005cf81000 JavaThread "Exec Stream Pumper" daemon [_thread_in_native, id=24460, stack(0x000000006db20000,0x000000006dc20000)]
  0x000000005cf80800 JavaThread "Exec Stream Pumper" daemon [_thread_in_native, id=33380, stack(0x000000006d430000,0x000000006d530000)]
  0x000000005cf7f800 JavaThread "Exec Default Executor" daemon [_thread_in_native, id=6596, stack(0x000000006d9b0000,0x000000006dab0000)]
  0x000000005cf7f000 JavaThread "Exec Stream Pumper" daemon [_thread_in_native, id=41032, stack(0x000000006d890000,0x000000006d990000)]
  0x000000005cf95800 JavaThread "Exec Stream Pumper" daemon [_thread_in_native, id=23820, stack(0x000000006d710000,0x000000006d810000)]
  0x000000005cf95000 JavaThread "Exec Default Executor" daemon [_thread_in_native, id=15244, stack(0x000000006d540000,0x000000006d640000)]
  0x000000005cf94000 JavaThread "Exec Stream Pumper" daemon [_thread_in_native, id=30196, stack(0x000000006d2e0000,0x000000006d3e0000)]
  0x000000005cf93800 JavaThread "Exec Stream Pumper" daemon [_thread_in_native, id=8160, stack(0x000000006d0e0000,0x000000006d1e0000)]
  0x000000005cf92800 JavaThread "Exec Default Executor" daemon [_thread_in_native, id=21440, stack(0x0000000066b90000,0x0000000066c90000)]
  0x000000005cf92000 JavaThread "Exec Stream Pumper" daemon [_thread_in_native, id=25764, stack(0x000000006ca70000,0x000000006cb70000)]
  0x000000005cf91000 JavaThread "Exec Stream Pumper" daemon [_thread_in_native, id=16488, stack(0x000000006cf80000,0x000000006d080000)]
  0x000000005cf90800 JavaThread "Exec Default Executor" daemon [_thread_in_native, id=33336, stack(0x000000006cde0000,0x000000006cee0000)]
  0x000000005cf8f800 JavaThread "Exec Stream Pumper" daemon [_thread_in_native, id=5776, stack(0x000000006ccc0000,0x000000006cdc0000)]
  0x000000005cf8f000 JavaThread "Exec Stream Pumper" daemon [_thread_in_native, id=22672, stack(0x000000006cbc0000,0x000000006ccc0000)]
  0x000000005a317000 JavaThread "Exec Default Executor" daemon [_thread_in_native, id=9692, stack(0x000000006c900000,0x000000006ca00000)]
  0x000000005a316800 JavaThread "Exec Stream Pumper" daemon [_thread_in_native, id=21644, stack(0x000000006c760000,0x000000006c860000)]
  0x000000005a315800 JavaThread "Exec Stream Pumper" daemon [_thread_in_native, id=27872, stack(0x000000006b790000,0x000000006b890000)]
  0x000000005a315000 JavaThread "Exec Default Executor" daemon [_thread_in_native, id=34872, stack(0x000000006c230000,0x000000006c330000)]
  0x000000005a314000 JavaThread "Exec Stream Pumper" daemon [_thread_in_native, id=24600, stack(0x000000006c610000,0x000000006c710000)]
  0x000000005a313800 JavaThread "Exec Stream Pumper" daemon [_thread_in_native, id=34012, stack(0x000000006c430000,0x000000006c530000)]
  0x000000005cff4000 JavaThread "Exec Default Executor" daemon [_thread_in_native, id=4560, stack(0x000000006a0f0000,0x000000006a1f0000)]
  0x000000005a311000 JavaThread "Exec Stream Pumper" daemon [_thread_in_native, id=24068, stack(0x000000006c130000,0x000000006c230000)]
  0x000000005a310800 JavaThread "Exec Stream Pumper" daemon [_thread_in_native, id=12632, stack(0x000000006bfb0000,0x000000006c0b0000)]
  0x00000000593f8000 JavaThread "Exec Default Executor" daemon [_thread_in_native, id=42960, stack(0x000000006bcb0000,0x000000006bdb0000)]
  0x00000000593f7800 JavaThread "Exec Stream Pumper" daemon [_thread_in_native, id=37176, stack(0x000000006be00000,0x000000006bf00000)]
  0x00000000593f6800 JavaThread "Exec Stream Pumper" daemon [_thread_in_native, id=4160, stack(0x000000006bb90000,0x000000006bc90000)]
  0x00000000593f6000 JavaThread "Exec Default Executor" daemon [_thread_in_native, id=8356, stack(0x000000006b240000,0x000000006b340000)]
  0x00000000593f5000 JavaThread "Exec Stream Pumper" daemon [_thread_in_native, id=7656, stack(0x000000006b9f0000,0x000000006baf0000)]
  0x0000000059fcf000 JavaThread "Exec Stream Pumper" daemon [_thread_in_native, id=28428, stack(0x000000006b8a0000,0x000000006b9a0000)]
  0x000000005a744000 JavaThread "Exec Default Executor" daemon [_thread_in_native, id=15104, stack(0x000000006ab40000,0x000000006ac40000)]
  0x000000005a746800 JavaThread "Exec Stream Pumper" daemon [_thread_in_native, id=33652, stack(0x000000006b670000,0x000000006b770000)]
  0x000000005a745800 JavaThread "Exec Stream Pumper" daemon [_thread_in_native, id=35700, stack(0x000000006b510000,0x000000006b610000)]
  0x000000005a745000 JavaThread "Exec Default Executor" daemon [_thread_in_native, id=37600, stack(0x000000006b340000,0x000000006b440000)]
  0x000000005a743800 JavaThread "Exec Stream Pumper" daemon [_thread_in_native, id=29140, stack(0x000000006a240000,0x000000006a340000)]
  0x000000005a742800 JavaThread "Exec Stream Pumper" daemon [_thread_in_native, id=42912, stack(0x000000006b100000,0x000000006b200000)]
  0x000000005a742000 JavaThread "Exec Default Executor" daemon [_thread_in_native, id=42080, stack(0x000000006af30000,0x000000006b030000)]
  0x000000005a741000 JavaThread "Exec Stream Pumper" daemon [_thread_in_native, id=30148, stack(0x000000006ae30000,0x000000006af30000)]
  0x000000005a740800 JavaThread "Exec Stream Pumper" daemon [_thread_in_native, id=31176, stack(0x000000006ac60000,0x000000006ad60000)]
  0x000000005a73f800 JavaThread "Exec Default Executor" daemon [_thread_in_native, id=17632, stack(0x000000006aa40000,0x000000006ab40000)]
  0x000000005cffa000 JavaThread "Exec Stream Pumper" daemon [_thread_in_native, id=16948, stack(0x000000006a490000,0x000000006a590000)]
  0x000000005cff9000 JavaThread "Exec Stream Pumper" daemon [_thread_in_native, id=6344, stack(0x000000006a860000,0x000000006a960000)]
  0x000000005cff8800 JavaThread "Exec Default Executor" daemon [_thread_in_native, id=12268, stack(0x000000006a720000,0x000000006a820000)]
  0x000000005cff7800 JavaThread "Exec Stream Pumper" daemon [_thread_in_native, id=19764, stack(0x000000006a5a0000,0x000000006a6a0000)]
  0x000000005cff7000 JavaThread "Exec Stream Pumper" daemon [_thread_in_native, id=23744, stack(0x000000006a380000,0x000000006a480000)]
  0x0000000059fd0800 JavaThread "Exec Default Executor" daemon [_thread_in_native, id=36224, stack(0x000000005bc70000,0x000000005bd70000)]
  0x000000005cff6000 JavaThread "Exec Stream Pumper" daemon [_thread_in_native, id=6552, stack(0x0000000069ee0000,0x0000000069fe0000)]
  0x000000005cff5800 JavaThread "Exec Stream Pumper" daemon [_thread_in_native, id=11640, stack(0x0000000069fe0000,0x000000006a0e0000)]
  0x000000005cff4800 JavaThread "Exec Default Executor" daemon [_thread_in_native, id=30188, stack(0x0000000069d40000,0x0000000069e40000)]
  0x000000005cff3000 JavaThread "Exec Stream Pumper" daemon [_thread_in_native, id=34668, stack(0x0000000069b30000,0x0000000069c30000)]
  0x000000005a9b7000 JavaThread "Exec Stream Pumper" daemon [_thread_in_native, id=35340, stack(0x0000000069560000,0x0000000069660000)]
  0x000000005a9b6000 JavaThread "Exec Default Executor" daemon [_thread_in_native, id=10052, stack(0x0000000068dc0000,0x0000000068ec0000)]
  0x000000005a9b5800 JavaThread "Exec Stream Pumper" daemon [_thread_in_native, id=4292, stack(0x00000000699d0000,0x0000000069ad0000)]
  0x000000005a9b4800 JavaThread "Exec Stream Pumper" daemon [_thread_in_native, id=3848, stack(0x0000000069860000,0x0000000069960000)]
  0x000000005a9b4000 JavaThread "Exec Default Executor" daemon [_thread_in_native, id=29644, stack(0x0000000069680000,0x0000000069780000)]
  0x000000005a9b3000 JavaThread "Exec Stream Pumper" daemon [_thread_in_native, id=41184, stack(0x0000000069420000,0x0000000069520000)]
  0x000000005a9b2800 JavaThread "Exec Stream Pumper" daemon [_thread_in_native, id=11444, stack(0x0000000068b50000,0x0000000068c50000)]
  0x000000005a9b1800 JavaThread "Exec Default Executor" daemon [_thread_in_native, id=41372, stack(0x0000000068fc0000,0x00000000690c0000)]
  0x000000005a9b1000 JavaThread "Exec Stream Pumper" daemon [_thread_in_native, id=32840, stack(0x0000000069290000,0x0000000069390000)]
  0x000000005a9b0000 JavaThread "Exec Stream Pumper" daemon [_thread_in_native, id=9332, stack(0x0000000069100000,0x0000000069200000)]
  0x000000005d46a000 JavaThread "Exec Default Executor" daemon [_thread_in_native, id=22872, stack(0x0000000068ec0000,0x0000000068fc0000)]
  0x000000005d469800 JavaThread "Exec Stream Pumper" daemon [_thread_in_native, id=23300, stack(0x0000000068cc0000,0x0000000068dc0000)]
  0x000000005d468800 JavaThread "Exec Stream Pumper" daemon [_thread_in_native, id=38720, stack(0x00000000686a0000,0x00000000687a0000)]
  0x000000005d468000 JavaThread "Exec Default Executor" daemon [_thread_in_native, id=4356, stack(0x0000000068950000,0x0000000068a50000)]
  0x000000005d467000 JavaThread "Exec Stream Pumper" daemon [_thread_in_native, id=30264, stack(0x0000000068a50000,0x0000000068b50000)]
  0x000000005d466800 JavaThread "Exec Stream Pumper" daemon [_thread_in_native, id=26280, stack(0x00000000687f0000,0x00000000688f0000)]
  0x000000005d465800 JavaThread "Exec Default Executor" daemon [_thread_in_native, id=10352, stack(0x0000000068460000,0x0000000068560000)]
  0x000000005d465000 JavaThread "Exec Stream Pumper" daemon [_thread_in_native, id=22732, stack(0x0000000068590000,0x0000000068690000)]
  0x000000005d464000 JavaThread "Exec Stream Pumper" daemon [_thread_in_native, id=21908, stack(0x0000000068320000,0x0000000068420000)]
  0x000000005d463800 JavaThread "Exec Default Executor" daemon [_thread_in_native, id=35256, stack(0x0000000068150000,0x0000000068250000)]
  0x0000000059eda000 JavaThread "Exec Stream Pumper" daemon [_thread_in_native, id=19964, stack(0x0000000066ea0000,0x0000000066fa0000)]
  0x0000000059ed9800 JavaThread "Exec Stream Pumper" daemon [_thread_in_native, id=25484, stack(0x0000000066da0000,0x0000000066ea0000)]
  0x0000000059ed8800 JavaThread "Exec Default Executor" daemon [_thread_in_native, id=26524, stack(0x0000000067ff0000,0x00000000680f0000)]
  0x0000000059ed8000 JavaThread "Exec Stream Pumper" daemon [_thread_in_native, id=11060, stack(0x0000000066920000,0x0000000066a20000)]
  0x0000000059ed7000 JavaThread "Exec Stream Pumper" daemon [_thread_in_native, id=27160, stack(0x00000000656b0000,0x00000000657b0000)]
  0x0000000059ed6800 JavaThread "Exec Default Executor" daemon [_thread_in_native, id=37880, stack(0x0000000066c90000,0x0000000066d90000)]
  0x0000000059ed5800 JavaThread "Exec Stream Pumper" daemon [_thread_in_native, id=23028, stack(0x0000000066a90000,0x0000000066b90000)]
  0x0000000059ed5000 JavaThread "Exec Stream Pumper" daemon [_thread_in_native, id=41740, stack(0x00000000661a0000,0x00000000662a0000)]
  0x0000000059ed4000 JavaThread "Exec Default Executor" daemon [_thread_in_native, id=10812, stack(0x0000000065d20000,0x0000000065e20000)]
  0x0000000059ed3800 JavaThread "Exec Stream Pumper" daemon [_thread_in_native, id=19744, stack(0x00000000663b0000,0x00000000664b0000)]
  0x0000000058ec7800 JavaThread "Exec Stream Pumper" daemon [_thread_in_native, id=22052, stack(0x0000000066800000,0x0000000066900000)]
  0x0000000058ec4800 JavaThread "Exec Default Executor" daemon [_thread_in_native, id=3648, stack(0x00000000660a0000,0x00000000661a0000)]
  0x0000000058ec6800 JavaThread "Exec Stream Pumper" daemon [_thread_in_native, id=2948, stack(0x00000000666e0000,0x00000000667e0000)]
  0x0000000058ec6000 JavaThread "Exec Stream Pumper" daemon [_thread_in_native, id=17744, stack(0x0000000066520000,0x0000000066620000)]
  0x0000000058ec5000 JavaThread "Exec Default Executor" daemon [_thread_in_native, id=21700, stack(0x00000000662a0000,0x00000000663a0000)]
  0x0000000058ec3800 JavaThread "Exec Stream Pumper" daemon [_thread_in_native, id=17232, stack(0x0000000065f30000,0x0000000066030000)]
  0x0000000058ec3000 JavaThread "Exec Stream Pumper" daemon [_thread_in_native, id=36964, stack(0x0000000065e30000,0x0000000065f30000)]
  0x0000000058ec2000 JavaThread "Exec Default Executor" daemon [_thread_in_native, id=5924, stack(0x0000000065c00000,0x0000000065d00000)]
  0x0000000058ec1800 JavaThread "Exec Stream Pumper" daemon [_thread_in_native, id=7764, stack(0x00000000658f0000,0x00000000659f0000)]
  0x0000000058ec0800 JavaThread "Exec Stream Pumper" daemon [_thread_in_native, id=5208, stack(0x0000000065a10000,0x0000000065b10000)]
  0x000000005a889000 JavaThread "Exec Default Executor" daemon [_thread_in_native, id=20844, stack(0x0000000065160000,0x0000000065260000)]
  0x000000005a888000 JavaThread "Exec Stream Pumper" daemon [_thread_in_native, id=11336, stack(0x00000000657b0000,0x00000000658b0000)]
  0x000000005a887800 JavaThread "Exec Stream Pumper" daemon [_thread_in_native, id=40716, stack(0x00000000655b0000,0x00000000656b0000)]
  0x000000005a886800 JavaThread "Exec Default Executor" daemon [_thread_in_native, id=30404, stack(0x00000000653e0000,0x00000000654e0000)]
  0x000000005a886000 JavaThread "Exec Stream Pumper" daemon [_thread_in_native, id=40436, stack(0x0000000064b40000,0x0000000064c40000)]
  0x000000005a885000 JavaThread "Exec Stream Pumper" daemon [_thread_in_native, id=9412, stack(0x0000000065290000,0x0000000065390000)]
  0x000000005a884800 JavaThread "Exec Default Executor" daemon [_thread_in_native, id=11892, stack(0x0000000065050000,0x0000000065150000)]
  0x000000005a883800 JavaThread "Exec Stream Pumper" daemon [_thread_in_native, id=40784, stack(0x0000000064d80000,0x0000000064e80000)]
  0x000000005a883000 JavaThread "Exec Stream Pumper" daemon [_thread_in_native, id=9056, stack(0x00000000647e0000,0x00000000648e0000)]
  0x000000005a882000 JavaThread "Exec Default Executor" daemon [_thread_in_native, id=29916, stack(0x0000000064e80000,0x0000000064f80000)]
  0x000000005a2e7000 JavaThread "Exec Stream Pumper" daemon [_thread_in_native, id=18984, stack(0x0000000064c80000,0x0000000064d80000)]
  0x000000005a2e6000 JavaThread "Exec Stream Pumper" daemon [_thread_in_native, id=26144, stack(0x0000000064a20000,0x0000000064b20000)]
  0x000000005a2e5800 JavaThread "Exec Default Executor" daemon [_thread_in_native, id=32708, stack(0x0000000062b30000,0x0000000062c30000)]
  0x000000005a2e4800 JavaThread "Exec Stream Pumper" daemon [_thread_in_native, id=39712, stack(0x0000000064900000,0x0000000064a00000)]
  0x000000005a2e4000 JavaThread "Exec Stream Pumper" daemon [_thread_in_native, id=29852, stack(0x0000000064460000,0x0000000064560000)]
  0x000000005a2e3000 JavaThread "Exec Default Executor" daemon [_thread_in_native, id=23380, stack(0x00000000646c0000,0x00000000647c0000)]
  0x000000005a2e2800 JavaThread "Exec Stream Pumper" daemon [_thread_in_native, id=29404, stack(0x00000000645a0000,0x00000000646a0000)]
  0x000000005a2e1800 JavaThread "Exec Stream Pumper" daemon [_thread_in_native, id=42996, stack(0x0000000063ad0000,0x0000000063bd0000)]
  0x0000000059e61000 JavaThread "Exec Default Executor" daemon [_thread_in_native, id=34252, stack(0x0000000064180000,0x0000000064280000)]
  0x000000005a2e1000 JavaThread "Exec Stream Pumper" daemon [_thread_in_native, id=27544, stack(0x0000000064300000,0x0000000064400000)]
  0x000000005a2e0000 JavaThread "Exec Stream Pumper" daemon [_thread_in_native, id=35360, stack(0x0000000064030000,0x0000000064130000)]
  0x0000000059e61800 JavaThread "Exec Default Executor" daemon [_thread_in_native, id=14920, stack(0x0000000063ed0000,0x0000000063fd0000)]
  0x0000000059e60000 JavaThread "Exec Stream Pumper" daemon [_thread_in_native, id=1280, stack(0x0000000063d60000,0x0000000063e60000)]
  0x0000000059e5f800 JavaThread "Exec Stream Pumper" daemon [_thread_in_native, id=27668, stack(0x0000000063be0000,0x0000000063ce0000)]
  0x0000000059e5e800 JavaThread "Exec Default Executor" daemon [_thread_in_native, id=24208, stack(0x00000000637c0000,0x00000000638c0000)]
  0x0000000059e5e000 JavaThread "Exec Stream Pumper" daemon [_thread_in_native, id=8536, stack(0x0000000063910000,0x0000000063a10000)]
  0x0000000059e5d000 JavaThread "Exec Stream Pumper" daemon [_thread_in_native, id=17996, stack(0x0000000063650000,0x0000000063750000)]
  0x0000000059e5c800 JavaThread "Exec Default Executor" daemon [_thread_in_native, id=23096, stack(0x0000000063500000,0x0000000063600000)]
  0x0000000059e5b800 JavaThread "Exec Stream Pumper" daemon [_thread_in_native, id=35088, stack(0x00000000633f0000,0x00000000634f0000)]
  0x0000000059e5b000 JavaThread "Exec Stream Pumper" daemon [_thread_in_native, id=28936, stack(0x00000000632b0000,0x00000000633b0000)]
  0x0000000059ef3000 JavaThread "Exec Default Executor" daemon [_thread_in_native, id=30908, stack(0x00000000631b0000,0x00000000632b0000)]
  0x0000000059ef2800 JavaThread "Exec Stream Pumper" daemon [_thread_in_native, id=6072, stack(0x0000000063090000,0x0000000063190000)]
  0x0000000059ef1800 JavaThread "Exec Stream Pumper" daemon [_thread_in_native, id=15508, stack(0x00000000628f0000,0x00000000629f0000)]
  0x0000000059ef1000 JavaThread "Exec Default Executor" daemon [_thread_in_native, id=30760, stack(0x0000000062f50000,0x0000000063050000)]
  0x0000000059ef0000 JavaThread "Exec Stream Pumper" daemon [_thread_in_native, id=37104, stack(0x0000000060fe0000,0x00000000610e0000)]
  0x0000000059eef800 JavaThread "Exec Stream Pumper" daemon [_thread_in_native, id=9172, stack(0x0000000062db0000,0x0000000062eb0000)]
  0x0000000059eee800 JavaThread "Exec Default Executor" daemon [_thread_in_native, id=5912, stack(0x0000000062c30000,0x0000000062d30000)]
  0x0000000059eee000 JavaThread "Exec Stream Pumper" daemon [_thread_in_native, id=40996, stack(0x0000000062a30000,0x0000000062b30000)]
  0x0000000059eed000 JavaThread "Exec Stream Pumper" daemon [_thread_in_native, id=26508, stack(0x00000000627b0000,0x00000000628b0000)]
  0x0000000059eec800 JavaThread "Exec Default Executor" daemon [_thread_in_native, id=42840, stack(0x0000000062640000,0x0000000062740000)]
  0x000000005a871800 JavaThread "Exec Stream Pumper" daemon [_thread_in_native, id=36716, stack(0x0000000062490000,0x0000000062590000)]
  0x000000005a870800 JavaThread "Exec Stream Pumper" daemon [_thread_in_native, id=35208, stack(0x0000000061ee0000,0x0000000061fe0000)]
  0x000000005a870000 JavaThread "Exec Default Executor" daemon [_thread_in_native, id=22828, stack(0x0000000062360000,0x0000000062460000)]
  0x000000005a86f000 JavaThread "Exec Stream Pumper" daemon [_thread_in_native, id=31448, stack(0x0000000062180000,0x0000000062280000)]
  0x000000005a86e800 JavaThread "Exec Stream Pumper" daemon [_thread_in_native, id=19052, stack(0x000000005e510000,0x000000005e610000)]
  0x000000005a86d800 JavaThread "Exec Default Executor" daemon [_thread_in_native, id=21168, stack(0x0000000061fe0000,0x00000000620e0000)]
  0x000000005a86d000 JavaThread "Exec Stream Pumper" daemon [_thread_in_native, id=42484, stack(0x0000000061d50000,0x0000000061e50000)]
  0x000000005a86c000 JavaThread "Exec Stream Pumper" daemon [_thread_in_native, id=14656, stack(0x0000000061b90000,0x0000000061c90000)]
  0x000000005a86b800 JavaThread "Exec Default Executor" daemon [_thread_in_native, id=17876, stack(0x0000000061a90000,0x0000000061b90000)]
  0x000000005a86a800 JavaThread "Exec Stream Pumper" daemon [_thread_in_native, id=26980, stack(0x00000000618d0000,0x00000000619d0000)]
  0x000000005abf2800 JavaThread "Exec Stream Pumper" daemon [_thread_in_native, id=31764, stack(0x0000000061630000,0x0000000061730000)]
  0x000000005abef800 JavaThread "Exec Default Executor" daemon [_thread_in_native, id=25560, stack(0x0000000061240000,0x0000000061340000)]
  0x000000005abf1800 JavaThread "Exec Stream Pumper" daemon [_thread_in_native, id=6612, stack(0x00000000617d0000,0x00000000618d0000)]
  0x000000005abf1000 JavaThread "Exec Stream Pumper" daemon [_thread_in_native, id=7208, stack(0x00000000613d0000,0x00000000614d0000)]
  0x000000005abf0000 JavaThread "Exec Default Executor" daemon [_thread_in_native, id=16808, stack(0x0000000061500000,0x0000000061600000)]
  0x000000005abee800 JavaThread "Exec Stream Pumper" daemon [_thread_in_native, id=9020, stack(0x00000000610e0000,0x00000000611e0000)]
  0x000000005abed800 JavaThread "Exec Stream Pumper" daemon [_thread_in_native, id=39968, stack(0x0000000060c00000,0x0000000060d00000)]
  0x000000005cfea000 JavaThread "Exec Default Executor" daemon [_thread_in_native, id=21352, stack(0x0000000060a30000,0x0000000060b30000)]
  0x000000005abed000 JavaThread "Exec Stream Pumper" daemon [_thread_in_native, id=34768, stack(0x0000000060ee0000,0x0000000060fe0000)]
  0x000000005abec000 JavaThread "Exec Stream Pumper" daemon [_thread_in_native, id=22640, stack(0x0000000060d80000,0x0000000060e80000)]
  0x000000005abeb800 JavaThread "Exec Default Executor" daemon [_thread_in_native, id=31992, stack(0x0000000060830000,0x0000000060930000)]
  0x000000005cfe9800 JavaThread "Exec Stream Pumper" daemon [_thread_in_native, id=12484, stack(0x0000000060930000,0x0000000060a30000)]
  0x000000005cfe8800 JavaThread "Exec Stream Pumper" daemon [_thread_in_native, id=22416, stack(0x00000000605d0000,0x00000000606d0000)]
  0x000000005cfe8000 JavaThread "Exec Default Executor" daemon [_thread_in_native, id=14780, stack(0x00000000606f0000,0x00000000607f0000)]
  0x000000005cfe7000 JavaThread "Exec Stream Pumper" daemon [_thread_in_native, id=24596, stack(0x000000005fdf0000,0x000000005fef0000)]
  0x000000005cfe6800 JavaThread "Exec Stream Pumper" daemon [_thread_in_native, id=25056, stack(0x0000000060440000,0x0000000060540000)]
  0x000000005cfe5800 JavaThread "Exec Default Executor" daemon [_thread_in_native, id=15864, stack(0x00000000602c0000,0x00000000603c0000)]
  0x000000005cfe5000 JavaThread "Exec Stream Pumper" daemon [_thread_in_native, id=18160, stack(0x0000000060100000,0x0000000060200000)]
  0x000000005cfe4000 JavaThread "Exec Stream Pumper" daemon [_thread_in_native, id=4800, stack(0x000000005fbd0000,0x000000005fcd0000)]
  0x000000005cfe3000 JavaThread "Exec Default Executor" daemon [_thread_in_native, id=29556, stack(0x000000005ff40000,0x0000000060040000)]
  0x000000005a1ea800 JavaThread "Exec Stream Pumper" daemon [_thread_in_native, id=33868, stack(0x000000005f740000,0x000000005f840000)]
  0x000000005a1e9800 JavaThread "Exec Stream Pumper" daemon [_thread_in_native, id=7836, stack(0x000000005fce0000,0x000000005fde0000)]
  0x000000005a1e9000 JavaThread "Exec Default Executor" daemon [_thread_in_native, id=35796, stack(0x000000005fac0000,0x000000005fbc0000)]
  0x000000005a1e8000 JavaThread "Exec Stream Pumper" daemon [_thread_in_native, id=33028, stack(0x000000005f9b0000,0x000000005fab0000)]
  0x000000005a1e7800 JavaThread "Exec Stream Pumper" daemon [_thread_in_native, id=22276, stack(0x000000005f850000,0x000000005f950000)]
  0x000000005a7ee000 JavaThread "Exec Default Executor" daemon [_thread_in_native, id=10212, stack(0x000000005f070000,0x000000005f170000)]
  0x000000005a7ed000 JavaThread "Exec Stream Pumper" daemon [_thread_in_native, id=12980, stack(0x000000005f5d0000,0x000000005f6d0000)]
  0x000000005a7ec800 JavaThread "Exec Stream Pumper" daemon [_thread_in_native, id=37952, stack(0x000000005f430000,0x000000005f530000)]
  0x000000005a7eb800 JavaThread "Exec Default Executor" daemon [_thread_in_native, id=15144, stack(0x000000005f2c0000,0x000000005f3c0000)]
  0x0000000058b39000 JavaThread "Exec Stream Pumper" daemon [_thread_in_native, id=32592, stack(0x000000005f180000,0x000000005f280000)]
  0x0000000058b38000 JavaThread "Exec Stream Pumper" daemon [_thread_in_native, id=29396, stack(0x000000005ea40000,0x000000005eb40000)]
  0x0000000058b37800 JavaThread "Exec Default Executor" daemon [_thread_in_native, id=13824, stack(0x000000005ef00000,0x000000005f000000)]
  0x0000000058b36800 JavaThread "Exec Stream Pumper" daemon [_thread_in_native, id=18252, stack(0x000000005ed30000,0x000000005ee30000)]
  0x0000000058b36000 JavaThread "Exec Stream Pumper" daemon [_thread_in_native, id=39156, stack(0x000000005eb50000,0x000000005ec50000)]
  0x0000000058b35000 JavaThread "Exec Default Executor" daemon [_thread_in_native, id=9360, stack(0x000000005e890000,0x000000005e990000)]
  0x0000000058b34800 JavaThread "Exec Stream Pumper" daemon [_thread_in_native, id=18692, stack(0x000000005dc70000,0x000000005dd70000)]
  0x0000000058b33800 JavaThread "Exec Stream Pumper" daemon [_thread_in_native, id=37512, stack(0x000000005e710000,0x000000005e810000)]
  0x0000000058b33000 JavaThread "Exec Default Executor" daemon [_thread_in_native, id=8268, stack(0x000000005e610000,0x000000005e710000)]
  0x0000000058b32000 JavaThread "Exec Stream Pumper" daemon [_thread_in_native, id=22888, stack(0x000000005b670000,0x000000005b770000)]
  0x0000000059fd1800 JavaThread "Exec Stream Pumper" daemon [_thread_in_native, id=11616, stack(0x000000005c6f0000,0x000000005c7f0000)]
  0x0000000059fd0000 JavaThread "Exec Default Executor" daemon [_thread_in_native, id=18056, stack(0x000000005ba20000,0x000000005bb20000)]
  0x0000000059fce800 JavaThread "Exec Stream Pumper" daemon [_thread_in_native, id=17532, stack(0x000000005c460000,0x000000005c560000)]
  0x0000000059fcd800 JavaThread "Exec Stream Pumper" daemon [_thread_in_native, id=37440, stack(0x000000005c030000,0x000000005c130000)]
  0x0000000059fcc800 JavaThread "Exec Stream Pumper" daemon [_thread_in_native, id=18232, stack(0x000000005c320000,0x000000005c420000)]
  0x0000000059fcc000 JavaThread "Exec Stream Pumper" daemon [_thread_in_native, id=34484, stack(0x000000005c130000,0x000000005c230000)]
  0x0000000059fcb000 JavaThread "Exec Stream Pumper" daemon [_thread_in_native, id=6792, stack(0x000000005bdc0000,0x000000005bec0000)]
  0x0000000059fca800 JavaThread "Exec Stream Pumper" daemon [_thread_in_native, id=6492, stack(0x000000005bef0000,0x000000005bff0000)]
  0x0000000059fb4000 JavaThread "Exec Default Executor" daemon [_thread_in_native, id=26956, stack(0x000000005bb40000,0x000000005bc40000)]
  0x000000005a06f000 JavaThread "Exec Default Executor" daemon [_thread_in_native, id=11032, stack(0x000000005b920000,0x000000005ba20000)]
  0x0000000059ebe800 JavaThread "Exec Default Executor" daemon [_thread_in_native, id=33916, stack(0x000000005b780000,0x000000005b880000)]
  0x0000000059e2f800 JavaThread "Forwarding newSession on session null to remote" [_thread_blocked, id=27688, stack(0x00000000598b0000,0x00000000599b0000)]
  0x0000000059e29000 JavaThread "Forwarding findElement on session aa14a10aae98764d24db82b902264944 to remote" [_thread_in_native, id=37288, stack(0x000000005afe0000,0x000000005b0e0000)]
  0x0000000059e28800 JavaThread "Forwarding findElement on session f6e44fa3c44a8f7e0fc3c129679792d7 to remote" [_thread_in_native, id=13616, stack(0x000000005b0e0000,0x000000005b1e0000)]
  0x000000005934d000 JavaThread "ReaderThread" [_thread_in_native, id=9476, stack(0x0000000059600000,0x0000000059700000)]
  0x00000000589e8800 JavaThread "Service Thread" daemon [_thread_blocked, id=33328, stack(0x00000000587a0000,0x00000000588a0000)]
  0x00000000574fa000 JavaThread "C1 CompilerThread1" daemon [_thread_blocked, id=16952, stack(0x00000000588d0000,0x00000000589d0000)]
=>0x00000000574a5000 JavaThread "C2 CompilerThread0" daemon [_thread_in_native, id=19892, stack(0x0000000058690000,0x0000000058790000)]
  0x00000000574a3800 JavaThread "Attach Listener" daemon [_thread_blocked, id=5204, stack(0x0000000058580000,0x0000000058680000)]
  0x00000000574a2000 JavaThread "Signal Dispatcher" daemon [_thread_blocked, id=26408, stack(0x00000000583a0000,0x00000000584a0000)]
  0x0000000057485000 JavaThread "Finalizer" daemon [_thread_blocked, id=37688, stack(0x0000000058210000,0x0000000058310000)]
  0x000000005743d800 JavaThread "Reference Handler" daemon [_thread_blocked, id=27224, stack(0x0000000057f80000,0x0000000058080000)]
  0x00000000022c4800 JavaThread "main" [_thread_blocked, id=32044, stack(0x0000000002460000,0x0000000002560000)]

Other Threads:
  0x0000000057433800 VMThread [stack: 0x0000000057e10000,0x0000000057f10000] [id=30660]
  0x0000000058a25800 WatcherThread [stack: 0x0000000058100000,0x0000000058200000] [id=4548]

VM state:not at safepoint (normal execution)

VM Mutex/Monitor currently owned by a thread: None

Heap:
 PSYoungGen      total 69632K, used 4171K [0x00000000d5580000, 0x00000000e2780000, 0x0000000100000000)
  eden space 66560K, 2% used [0x00000000d5580000,0x00000000d56f2b90,0x00000000d9680000)
  from space 3072K, 87% used [0x00000000e2480000,0x00000000e2720150,0x00000000e2780000)
  to   space 3584K, 0% used [0x00000000e2080000,0x00000000e2080000,0x00000000e2400000)
 ParOldGen       total 96768K, used 60540K [0x0000000080000000, 0x0000000085e80000, 0x00000000d5580000)
  object space 96768K, 62% used [0x0000000080000000,0x0000000083b1f0d0,0x0000000085e80000)
 Metaspace       used 31176K, capacity 31860K, committed 32128K, reserved 1077248K
  class space    used 3453K, capacity 3612K, committed 3712K, reserved 1048576K

Card table byte_map: [0x0000000011bf0000,0x0000000012000000] byte_map_base: 0x00000000117f0000

Marking Bits: (ParMarkBitMap*) 0x000000007418a6d0
 Begin Bits: [0x0000000012700000, 0x0000000014700000)
 End Bits:   [0x0000000014700000, 0x0000000016700000)

Polling page: 0x0000000000120000

CodeCache: size=245760Kb used=22556Kb max_used=22566Kb free=223203Kb
 bounds [0x0000000002830000, 0x0000000003e80000, 0x0000000011830000]
 total_blobs=6918 nmethods=6446 adapters=386
 compilation: enabled

Compilation events (10 events):
Event: 4852.600 Thread 0x00000000574fa000 nmethod 8265 0x0000000003048990 code [0x0000000003048b40, 0x0000000003049118]
Event: 4852.726 Thread 0x00000000574a5000 8266       4       sun.reflect.UnsafeIntegerFieldAccessorImpl::get (13 bytes)
Event: 4852.728 Thread 0x00000000574a5000 nmethod 8266 0x00000000035e0bd0 code [0x00000000035e0d20, 0x00000000035e0eb8]
Event: 4852.732 Thread 0x00000000574a5000 8267       4       java.util.Hashtable$Enumerator::hasNext (5 bytes)
Event: 4852.734 Thread 0x00000000574a5000 nmethod 8267 0x0000000003dbd910 code [0x0000000003dbda40, 0x0000000003dbdb98]
Event: 4852.734 Thread 0x00000000574a5000 8268       4       java.util.Hashtable$Enumerator::next (27 bytes)
Event: 4852.735 Thread 0x00000000574a5000 nmethod 8268 0x0000000003048690 code [0x00000000030487c0, 0x0000000003048898]
Event: 4913.263 Thread 0x00000000574a5000 8269       4       org.testng.shaded.com.google.gson.internal.Excluder::create (48 bytes)
Event: 4913.376 Thread 0x00000000574a5000 nmethod 8269 0x00000000036b0f50 code [0x00000000036b1180, 0x00000000036b1e30]
Event: 4913.385 Thread 0x00000000574a5000 8270       4       org.testng.shaded.com.google.gson.internal.bind.ReflectiveTypeAdapterFactory::getBoundFields (288 bytes)

GC Heap History (10 events):
Event: 4306.419 GC heap before
{Heap before GC invocations=168 (full 2):
 PSYoungGen      total 70656K, used 70463K [0x00000000d5580000, 0x00000000e2d80000, 0x0000000100000000)
  eden space 68096K, 100% used [0x00000000d5580000,0x00000000d9800000,0x00000000d9800000)
  from space 2560K, 92% used [0x00000000e2800000,0x00000000e2a4fd90,0x00000000e2a80000)
  to   space 3072K, 0% used [0x00000000e2a80000,0x00000000e2a80000,0x00000000e2d80000)
 ParOldGen       total 96768K, used 60532K [0x0000000080000000, 0x0000000085e80000, 0x00000000d5580000)
  object space 96768K, 62% used [0x0000000080000000,0x0000000083b1d0d0,0x0000000085e80000)
 Metaspace       used 31069K, capacity 31656K, committed 31872K, reserved 1077248K
  class space    used 3450K, capacity 3610K, committed 3712K, reserved 1048576K
Event: 4306.423 GC heap after
Heap after GC invocations=168 (full 2):
 PSYoungGen      total 77312K, used 2050K [0x00000000d5580000, 0x00000000e2d00000, 0x0000000100000000)
  eden space 74752K, 0% used [0x00000000d5580000,0x00000000d5580000,0x00000000d9e80000)
  from space 2560K, 80% used [0x00000000e2a80000,0x00000000e2c80a00,0x00000000e2d00000)
  to   space 3584K, 0% used [0x00000000e2600000,0x00000000e2600000,0x00000000e2980000)
 ParOldGen       total 96768K, used 60532K [0x0000000080000000, 0x0000000085e80000, 0x00000000d5580000)
  object space 96768K, 62% used [0x0000000080000000,0x0000000083b1d0d0,0x0000000085e80000)
 Metaspace       used 31069K, capacity 31656K, committed 31872K, reserved 1077248K
  class space    used 3450K, capacity 3610K, committed 3712K, reserved 1048576K
}
Event: 4320.483 GC heap before
{Heap before GC invocations=169 (full 2):
 PSYoungGen      total 77312K, used 76802K [0x00000000d5580000, 0x00000000e2d00000, 0x0000000100000000)
  eden space 74752K, 100% used [0x00000000d5580000,0x00000000d9e80000,0x00000000d9e80000)
  from space 2560K, 80% used [0x00000000e2a80000,0x00000000e2c80a00,0x00000000e2d00000)
  to   space 3584K, 0% used [0x00000000e2600000,0x00000000e2600000,0x00000000e2980000)
 ParOldGen       total 96768K, used 60532K [0x0000000080000000, 0x0000000085e80000, 0x00000000d5580000)
  object space 96768K, 62% used [0x0000000080000000,0x0000000083b1d0d0,0x0000000085e80000)
 Metaspace       used 31070K, capacity 31656K, committed 31872K, reserved 1077248K
  class space    used 3450K, capacity 3610K, committed 3712K, reserved 1048576K
Event: 4320.486 GC heap after
Heap after GC invocations=169 (full 2):
 PSYoungGen      total 73728K, used 897K [0x00000000d5580000, 0x00000000e2b00000, 0x0000000100000000)
  eden space 72704K, 0% used [0x00000000d5580000,0x00000000d5580000,0x00000000d9c80000)
  from space 1024K, 87% used [0x00000000e2600000,0x00000000e26e04d0,0x00000000e2700000)
  to   space 3584K, 0% used [0x00000000e2780000,0x00000000e2780000,0x00000000e2b00000)
 ParOldGen       total 96768K, used 60532K [0x0000000080000000, 0x0000000085e80000, 0x00000000d5580000)
  object space 96768K, 62% used [0x0000000080000000,0x0000000083b1d0d0,0x0000000085e80000)
 Metaspace       used 31070K, capacity 31656K, committed 31872K, reserved 1077248K
  class space    used 3450K, capacity 3610K, committed 3712K, reserved 1048576K
}
Event: 4321.680 GC heap before
{Heap before GC invocations=170 (full 2):
 PSYoungGen      total 73728K, used 71596K [0x00000000d5580000, 0x00000000e2b00000, 0x0000000100000000)
  eden space 72704K, 97% used [0x00000000d5580000,0x00000000d9a8ad58,0x00000000d9c80000)
  from space 1024K, 87% used [0x00000000e2600000,0x00000000e26e04d0,0x00000000e2700000)
  to   space 3584K, 0% used [0x00000000e2780000,0x00000000e2780000,0x00000000e2b00000)
 ParOldGen       total 96768K, used 60532K [0x0000000080000000, 0x0000000085e80000, 0x00000000d5580000)
  object space 96768K, 62% used [0x0000000080000000,0x0000000083b1d0d0,0x0000000085e80000)
 Metaspace       used 31071K, capacity 31656K, committed 31872K, reserved 1077248K
  class space    used 3450K, capacity 3610K, committed 3712K, reserved 1048576K
Event: 4321.687 GC heap after
Heap after GC invocations=170 (full 2):
 PSYoungGen      total 73216K, used 2334K [0x00000000d5580000, 0x00000000e2a00000, 0x0000000100000000)
  eden space 70656K, 0% used [0x00000000d5580000,0x00000000d5580000,0x00000000d9a80000)
  from space 2560K, 91% used [0x00000000e2780000,0x00000000e29c78b0,0x00000000e2a00000)
  to   space 3584K, 0% used [0x00000000e2300000,0x00000000e2300000,0x00000000e2680000)
 ParOldGen       total 96768K, used 60532K [0x0000000080000000, 0x0000000085e80000, 0x00000000d5580000)
  object space 96768K, 62% used [0x0000000080000000,0x0000000083b1d0d0,0x0000000085e80000)
 Metaspace       used 31071K, capacity 31656K, committed 31872K, reserved 1077248K
  class space    used 3450K, capacity 3610K, committed 3712K, reserved 1048576K
}
Event: 4471.107 GC heap before
{Heap before GC invocations=171 (full 2):
 PSYoungGen      total 73216K, used 72990K [0x00000000d5580000, 0x00000000e2a00000, 0x0000000100000000)
  eden space 70656K, 100% used [0x00000000d5580000,0x00000000d9a80000,0x00000000d9a80000)
  from space 2560K, 91% used [0x00000000e2780000,0x00000000e29c78b0,0x00000000e2a00000)
  to   space 3584K, 0% used [0x00000000e2300000,0x00000000e2300000,0x00000000e2680000)
 ParOldGen       total 96768K, used 60532K [0x0000000080000000, 0x0000000085e80000, 0x00000000d5580000)
  object space 96768K, 62% used [0x0000000080000000,0x0000000083b1d0d0,0x0000000085e80000)
 Metaspace       used 31084K, capacity 31720K, committed 32128K, reserved 1077248K
  class space    used 3451K, capacity 3610K, committed 3712K, reserved 1048576K
Event: 4471.116 GC heap after
Heap after GC invocations=171 (full 2):
 PSYoungGen      total 70144K, used 1392K [0x00000000d5580000, 0x00000000e2800000, 0x0000000100000000)
  eden space 68608K, 0% used [0x00000000d5580000,0x00000000d5580000,0x00000000d9880000)
  from space 1536K, 90% used [0x00000000e2300000,0x00000000e245c0b0,0x00000000e2480000)
  to   space 3584K, 0% used [0x00000000e2480000,0x00000000e2480000,0x00000000e2800000)
 ParOldGen       total 96768K, used 60532K [0x0000000080000000, 0x0000000085e80000, 0x00000000d5580000)
  object space 96768K, 62% used [0x0000000080000000,0x0000000083b1d0d0,0x0000000085e80000)
 Metaspace       used 31084K, capacity 31720K, committed 32128K, reserved 1077248K
  class space    used 3451K, capacity 3610K, committed 3712K, reserved 1048576K
}
Event: 4913.273 GC heap before
{Heap before GC invocations=172 (full 2):
 PSYoungGen      total 70144K, used 70000K [0x00000000d5580000, 0x00000000e2800000, 0x0000000100000000)
  eden space 68608K, 100% used [0x00000000d5580000,0x00000000d9880000,0x00000000d9880000)
  from space 1536K, 90% used [0x00000000e2300000,0x00000000e245c0b0,0x00000000e2480000)
  to   space 3584K, 0% used [0x00000000e2480000,0x00000000e2480000,0x00000000e2800000)
 ParOldGen       total 96768K, used 60532K [0x0000000080000000, 0x0000000085e80000, 0x00000000d5580000)
  object space 96768K, 62% used [0x0000000080000000,0x0000000083b1d0d0,0x0000000085e80000)
 Metaspace       used 31176K, capacity 31860K, committed 32128K, reserved 1077248K
  class space    used 3453K, capacity 3612K, committed 3712K, reserved 1048576K
Event: 4913.359 GC heap after
Heap after GC invocations=172 (full 2):
 PSYoungGen      total 69632K, used 2688K [0x00000000d5580000, 0x00000000e2780000, 0x0000000100000000)
  eden space 66560K, 0% used [0x00000000d5580000,0x00000000d5580000,0x00000000d9680000)
  from space 3072K, 87% used [0x00000000e2480000,0x00000000e2720150,0x00000000e2780000)
  to   space 3584K, 0% used [0x00000000e2080000,0x00000000e2080000,0x00000000e2400000)
 ParOldGen       total 96768K, used 60540K [0x0000000080000000, 0x0000000085e80000, 0x00000000d5580000)
  object space 96768K, 62% used [0x0000000080000000,0x0000000083b1f0d0,0x0000000085e80000)
 Metaspace       used 31176K, capacity 31860K, committed 32128K, reserved 1077248K
  class space    used 3453K, capacity 3612K, committed 3712K, reserved 1048576K
}

Deoptimization events (10 events):
Event: 4343.925 Thread 0x0000000059e2f800 Uncommon trap: reason=unstable_if action=reinterpret pc=0x0000000003c41bb0 method=java.lang.Throwable.getOurStackTrace()[Ljava/lang/StackTraceElement; @ 7
Event: 4343.932 Thread 0x0000000059e2f800 Uncommon trap: reason=unstable_if action=reinterpret pc=0x0000000002ea6f48 method=java.lang.ref.SoftReference.get()Ljava/lang/Object; @ 6
Event: 4404.531 Thread 0x0000000059e2f800 Uncommon trap: reason=unstable_if action=reinterpret pc=0x0000000002fb8254 method=java.lang.Throwable.getOurStackTrace()[Ljava/lang/StackTraceElement; @ 7
Event: 4404.535 Thread 0x0000000059e2f800 Uncommon trap: reason=bimorphic action=maybe_recompile pc=0x0000000003978050 method=java.lang.Throwable.<init>()V @ 24
Event: 4404.535 Thread 0x0000000059e2f800 Uncommon trap: reason=bimorphic action=maybe_recompile pc=0x0000000003978050 method=java.lang.Throwable.<init>()V @ 24
Event: 4404.537 Thread 0x0000000059e2f800 Uncommon trap: reason=bimorphic action=maybe_recompile pc=0x0000000003978050 method=java.lang.Throwable.<init>()V @ 24
Event: 4404.565 Thread 0x0000000059e2f800 Uncommon trap: reason=unstable_if action=reinterpret pc=0x0000000002f0359c method=java.lang.ref.SoftReference.get()Ljava/lang/Object; @ 6
Event: 4465.259 Thread 0x0000000059e2f800 Uncommon trap: reason=unstable_if action=reinterpret pc=0x00000000029603bc method=java.lang.ref.SoftReference.get()Ljava/lang/Object; @ 6
Event: 4467.866 Thread 0x0000000059e2f800 Uncommon trap: reason=unstable_if action=reinterpret pc=0x0000000002e960bc method=java.lang.ref.SoftReference.get()Ljava/lang/Object; @ 6
Event: 4598.741 Thread 0x0000000059e2f800 Uncommon trap: reason=null_check action=make_not_entrant pc=0x000000000345aee0 method=org.testng.shaded.com.google.gson.internal.bind.TypeAdapters$35.create(Lorg/testng/shaded/com/google/gson/Gson;Lorg/testng/shaded/com/google/gson/reflect/TypeToken;)Lorg/@

Internal exceptions (10 events):
Event: 4852.731 Thread 0x0000000059e2f800 Exception <a 'java/lang/NullPointerException'> (0x00000000d94e15d0) thrown at [C:\re\workspace\8-2-build-windows-amd64-cygwin\jdk8u101\7261\hotspot\src\share\vm\runtime\sharedRuntime.cpp, line 605]
Event: 4852.731 Thread 0x0000000059e2f800 Implicit null exception at 0x0000000003d97655 to 0x0000000003d9791a
Event: 4852.731 Thread 0x0000000059e2f800 Exception <a 'java/lang/NullPointerException'> (0x00000000d94eb220) thrown at [C:\re\workspace\8-2-build-windows-amd64-cygwin\jdk8u101\7261\hotspot\src\share\vm\runtime\sharedRuntime.cpp, line 605]
Event: 4852.731 Thread 0x0000000059e2f800 Exception <a 'java/lang/reflect/InvocationTargetException'> (0x00000000d94eb428) thrown at [C:\re\workspace\8-2-build-windows-amd64-cygwin\jdk8u101\7261\hotspot\src\share\vm\runtime\reflection.cpp, line 1092]
Event: 4852.733 Thread 0x0000000059e2f800 Implicit null exception at 0x00000000032941c2 to 0x0000000003295bd0
Event: 4852.733 Thread 0x0000000059e2f800 Exception <a 'java/lang/NullPointerException'> (0x00000000d954a828) thrown at [C:\re\workspace\8-2-build-windows-amd64-cygwin\jdk8u101\7261\hotspot\src\share\vm\runtime\sharedRuntime.cpp, line 605]
Event: 4852.733 Thread 0x0000000059e2f800 Implicit null exception at 0x0000000003d97655 to 0x0000000003d9791a
Event: 4852.733 Thread 0x0000000059e2f800 Exception <a 'java/lang/NullPointerException'> (0x00000000d9554478) thrown at [C:\re\workspace\8-2-build-windows-amd64-cygwin\jdk8u101\7261\hotspot\src\share\vm\runtime\sharedRuntime.cpp, line 605]
Event: 4852.733 Thread 0x0000000059e2f800 Exception <a 'java/lang/reflect/InvocationTargetException'> (0x00000000d9554680) thrown at [C:\re\workspace\8-2-build-windows-amd64-cygwin\jdk8u101\7261\hotspot\src\share\vm\runtime\reflection.cpp, line 1092]
Event: 4913.261 Thread 0x0000000059e2f800 Exception <a 'java/lang/reflect/InvocationTargetException'> (0x00000000d965e978) thrown at [C:\re\workspace\8-2-build-windows-amd64-cygwin\jdk8u101\7261\hotspot\src\share\vm\runtime\reflection.cpp, line 1092]

Events (10 events):
Event: 4913.387 Executing VM operation: RevokeBias
Event: 4913.387 Executing VM operation: RevokeBias done
Event: 4913.388 Executing VM operation: RevokeBias
Event: 4913.388 Executing VM operation: RevokeBias done
Event: 4913.412 Thread 0x000000005a9ee800 Thread added: 0x000000005a9ee800
Event: 4913.412 Thread 0x000000005a9f0800 Thread added: 0x000000005a9f0800
Event: 4913.413 Executing VM operation: RevokeBias
Event: 4913.414 Executing VM operation: RevokeBias done
Event: 4913.419 Thread 0x000000005a9f6000 Thread added: 0x000000005a9f6000
Event: 4913.419 Thread 0x000000005a9f6800 Thread added: 0x000000005a9f6800


Dynamic libraries:
0x000000013f220000 - 0x000000013f257000 	C:\Program Files\Java\jre1.8.0_101\bin\javaw.exe
0x00000000777b0000 - 0x000000007795c000 	C:\Windows\SYSTEM32\ntdll.dll
0x00000000770d0000 - 0x00000000771ef000 	C:\Windows\system32\kernel32.dll
0x000007fefdd50000 - 0x000007fefddbc000 	C:\Windows\system32\KERNELBASE.dll
0x000007fefe8f0000 - 0x000007fefe9cb000 	C:\Windows\system32\ADVAPI32.dll
0x000007fefe0f0000 - 0x000007fefe18f000 	C:\Windows\system32\msvcrt.dll
0x000007feffa50000 - 0x000007feffa6f000 	C:\Windows\SYSTEM32\sechost.dll
0x000007fefe7b0000 - 0x000007fefe8de000 	C:\Windows\system32\RPCRT4.dll
0x00000000774a0000 - 0x000000007759a000 	C:\Windows\system32\USER32.dll
0x000007fefe560000 - 0x000007fefe5c7000 	C:\Windows\system32\GDI32.dll
0x000007fefe4b0000 - 0x000007fefe4be000 	C:\Windows\system32\LPK.dll
0x000007feff980000 - 0x000007feffa4a000 	C:\Windows\system32\USP10.dll
0x000007fefc6c0000 - 0x000007fefc8b4000 	C:\Windows\WinSxS\amd64_microsoft.windows.common-controls_6595b64144ccf1df_6.0.7600.16661_none_fa62ad231704eab7\COMCTL32.dll
0x000007fefe070000 - 0x000007fefe0e1000 	C:\Windows\system32\SHLWAPI.dll
0x000007fefe040000 - 0x000007fefe06e000 	C:\Windows\system32\IMM32.DLL
0x000007fefe190000 - 0x000007fefe299000 	C:\Windows\system32\MSCTF.dll
0x0000000074210000 - 0x00000000742e2000 	C:\Program Files\Java\jre1.8.0_101\bin\msvcr100.dll
0x0000000073970000 - 0x000000007420a000 	C:\Program Files\Java\jre1.8.0_101\bin\server\jvm.dll
0x000007fef7530000 - 0x000007fef7539000 	C:\Windows\system32\WSOCK32.dll
0x000007fefdff0000 - 0x000007fefe03d000 	C:\Windows\system32\WS2_32.dll
0x000007fefe8e0000 - 0x000007fefe8e8000 	C:\Windows\system32\NSI.dll
0x000007fefbcc0000 - 0x000007fefbcfb000 	C:\Windows\system32\WINMM.dll
0x000007fefcd80000 - 0x000007fefcd8c000 	C:\Windows\system32\VERSION.dll
0x0000000077980000 - 0x0000000077987000 	C:\Windows\system32\PSAPI.DLL
0x0000000074540000 - 0x000000007454f000 	C:\Program Files\Java\jre1.8.0_101\bin\verify.dll
0x00000000743a0000 - 0x00000000743c9000 	C:\Program Files\Java\jre1.8.0_101\bin\java.dll
0x0000000074380000 - 0x0000000074396000 	C:\Program Files\Java\jre1.8.0_101\bin\zip.dll
0x000007fefea90000 - 0x000007feff817000 	C:\Windows\system32\SHELL32.dll
0x000007fefe2a0000 - 0x000007fefe4a2000 	C:\Windows\system32\ole32.dll
0x000007fefdc20000 - 0x000007fefdc2f000 	C:\Windows\system32\profapi.dll
0x0000000074330000 - 0x000000007434a000 	C:\Program Files\Java\jre1.8.0_101\bin\net.dll
0x000007fefd450000 - 0x000007fefd4a4000 	C:\Windows\system32\mswsock.dll
0x000007fefd440000 - 0x000007fefd447000 	C:\Windows\System32\wship6.dll
0x000007fefce50000 - 0x000007fefce57000 	C:\Windows\System32\wshtcpip.dll
0x000007fefd2d0000 - 0x000007fefd32b000 	C:\Windows\system32\DNSAPI.dll
0x000007fefb5b0000 - 0x000007fefb5d7000 	C:\Windows\system32\IPHLPAPI.DLL
0x000007fefb640000 - 0x000007fefb64b000 	C:\Windows\system32\WINNSI.DLL
0x000007fefb050000 - 0x000007fefb058000 	C:\Windows\system32\rasadhlp.dll
0x000007fefb5e0000 - 0x000007fefb633000 	C:\Windows\System32\fwpuclnt.dll
0x000007fefd4b0000 - 0x000007fefd4c7000 	C:\Windows\system32\CRYPTSP.dll
0x000007fefd1b0000 - 0x000007fefd1f7000 	C:\Windows\system32\rsaenh.dll
0x000007fefcf60000 - 0x000007fefcf7e000 	C:\Windows\system32\USERENV.dll
0x000007fefdb10000 - 0x000007fefdb1f000 	C:\Windows\system32\CRYPTBASE.dll
0x000007fefb4d0000 - 0x000007fefb4e1000 	C:\Windows\system32\dhcpcsvc6.DLL
0x000007fefb330000 - 0x000007fefb348000 	C:\Windows\system32\dhcpcsvc.DLL
0x000000006fc80000 - 0x000000006fc91000 	C:\Program Files\Java\jre1.8.0_101\bin\nio.dll
0x000000006fca0000 - 0x000000006fcc4000 	C:\Program Files\Java\jre1.8.0_101\bin\sunec.dll
0x000007fefdab0000 - 0x000007fefdb07000 	C:\Windows\system32\apphelp.dll
0x0000000072340000 - 0x000000007234b000 	C:\Program Files\Java\jre1.8.0_101\bin\sunmscapi.dll
0x000007fefddc0000 - 0x000007fefdf2a000 	C:\Windows\system32\CRYPT32.dll
0x000007fefdcc0000 - 0x000007fefdccf000 	C:\Windows\system32\MSASN1.dll
0x000007fefb980000 - 0x000007fefb995000 	C:\Windows\system32\NLAapi.dll
0x000007fefafa0000 - 0x000007fefafab000 	C:\Windows\System32\winrnr.dll
0x000007fefaf80000 - 0x000007fefaf95000 	C:\Windows\system32\napinsp.dll
0x000007fefae60000 - 0x000007fefae79000 	C:\Windows\system32\pnrpnsp.dll

VM Arguments:
jvm_args: -ea -Dfile.encoding=Cp1252 
java_command: org.testng.remote.RemoteTestNG -serport 51831 -protocol json -d C:\Users\arjun.abhesheke\git\AvengerAPIUpdate\AvengerAPI\test-output C:\Users\arjun.abhesheke\git\AvengerAPIUpdate\AvengerAPI\AcceptanceTestPart1_APITestCases.xml
java_class_path (initial): C:\Users\arjun.abhesheke\Downloads\eclipse-jee-oxygen-3a-win32-x86_64\eclipse\configuration\org.eclipse.osgi\1017\0\.cp\lib\testng-remote.jar;C:\Program Files\Java\jre1.8.0_101\lib\resources.jar;C:\Program Files\Java\jre1.8.0_101\lib\rt.jar;C:\Program Files\Java\jre1.8.0_101\lib\jsse.jar;C:\Program Files\Java\jre1.8.0_101\lib\jce.jar;C:\Program Files\Java\jre1.8.0_101\lib\charsets.jar;C:\Program Files\Java\jre1.8.0_101\lib\jfr.jar;C:\Program Files\Java\jre1.8.0_101\lib\ext\access-bridge-64.jar;C:\Program Files\Java\jre1.8.0_101\lib\ext\cldrdata.jar;C:\Program Files\Java\jre1.8.0_101\lib\ext\dnsns.jar;C:\Program Files\Java\jre1.8.0_101\lib\ext\jaccess.jar;C:\Program Files\Java\jre1.8.0_101\lib\ext\jfxrt.jar;C:\Program Files\Java\jre1.8.0_101\lib\ext\localedata.jar;C:\Program Files\Java\jre1.8.0_101\lib\ext\nashorn.jar;C:\Program Files\Java\jre1.8.0_101\lib\ext\sunec.jar;C:\Program Files\Java\jre1.8.0_101\lib\ext\sunjce_provider.jar;C:\Program Files\Java\jre1.8.0_101\lib\ext\sunmscapi.jar;C:\Program Files\Java\jre1.8.0_101\lib\ext\sunpkcs11.jar;C:\Program Files\Java\jre1.8.0_101\lib\ext\zipfs.jar;C:\Users\arjun.abhesheke\git\AvengerAPIUpdate\AvengerAPI\target\test-classes;C:\Users\arjun.abhesheke\git\AvengerAPIUpdate\AvengerAPI\target\classes;C:\Users\arjun.abhesheke\.m2\repository\org\seleniumhq\selenium\selenium-chrome-driver\3.0.1\selenium-chrome-driver-3.0.1.jar;C:\Users\arjun.abhesheke\.m2\repository\jfree\jfreechart\1.0.13\jfreechart-1.0.13.jar;C:\Users\arjun.abhesheke\.m2\repository\jfree\jcommon\1.0.16\jcommon-1.0.16.jar;C:\Users\arjun.abhesheke\.m2\repository\org\seleniumhq\selenium\selenium-java\3.0.1\selenium-java-3.0.1.jar;C:\Users\arjun.abhesheke\.m2\repository\org\seleniumhq\selenium\selenium-edge-driver\3.0.1\selenium-edge-driver-3.0.1.jar;C:\Users\arjun.abhesheke\.m2\repository\org\seleniumhq\selenium\selenium-ie-driver\3.0.1\selenium-ie-driver-3.0.1.jar;C:\Users\arjun.abhesheke\.m2\repository\org\seleniumhq\selenium\seleni
Launcher Type: SUN_STANDARD

Environment Variables:
JAVA_HOME=C:\Program Files\Java\jdk1.8.0_101
PATH=C:\ProgramData\Oracle\Java\javapath;C:\Windows\system32;C:\Windows;C:\Windows\System32\Wbem;C:\Windows\System32\WindowsPowerShell\v1.0\;C:\apache-maven-3.1.1\bin;C:\Program Files\Java\jdk1.8.0_101\bin;C:\Users\arjun.abhesheke\Downloads\ViewLoadTest\ViewLoadTest\apache-jmeter-2.11\bin;C:\Program Files (x86)\Skype\Phone\;C:\Program Files\nodejs\;C:\Program Files\Git\cmd;C:\Program Files\Symantec.cloud\PlatformAgent\;C:\Users\arjun.abhesheke\AppData\Roaming\npm;C:\Program Files\Docker Toolbox
USERNAME=arjun.abhesheke
OS=Windows_NT
PROCESSOR_IDENTIFIER=Intel64 Family 6 Model 45 Stepping 7, GenuineIntel



---------------  S Y S T E M  ---------------

OS: Windows 7 , 64 bit Build 7600 (6.1.7600.17206)

CPU:total 2 (2 cores per cpu, 1 threads per core) family 6 model 45 stepping 7, cmov, cx8, fxsr, mmx, sse, sse2, sse3, ssse3, sse4.1, sse4.2, popcnt, aes, clmul, tsc

Memory: 4k page, physical 8388152k(3287044k free), swap 13506244k(5708k free)

vm_info: Java HotSpot(TM) 64-Bit Server VM (25.101-b13) for windows-amd64 JRE (1.8.0_101-b13), built on Jun 22 2016 01:21:29 by "java_re" with MS VC++ 10.0 (VS2010)

time: Thu May 26 03:45:56 2022
elapsed time: 4913 seconds (0d 1h 21m 53s)

